INFO 2025-08-08 18:56:15,356 autoreload 53982 140704327262976 Watching for file changes with StatReloader
INFO 2025-08-08 18:57:30,493 autoreload 54642 140704327262976 Watching for file changes with StatReloader
INFO 2025-08-09 13:43:03,858 autoreload 19613 140704327262976 Watching for file changes with StatReloader
INFO 2025-08-09 13:58:09,659 basehttp 19613 123145602457600 "GET /admin/ HTTP/1.1" 200 60982
INFO 2025-08-09 13:58:09,746 basehttp 19613 123145686405120 "GET /static/vendor/adminlte/img/AdminLTELogo.png HTTP/1.1" 200 2637
INFO 2025-08-09 13:58:09,754 basehttp 19613 123145669615616 "GET /static/jazzmin/css/main.css HTTP/1.1" 200 16969
INFO 2025-08-09 13:58:09,756 basehttp 19613 123145686405120 "GET /static/vendor/bootstrap/js/bootstrap.min.js HTTP/1.1" 200 62440
INFO 2025-08-09 13:58:09,763 basehttp 19613 123145686405120 "GET /static/jazzmin/js/main.js HTTP/1.1" 200 2391
INFO 2025-08-09 13:58:09,767 basehttp 19613 123145669615616 "GET /static/vendor/adminlte/js/adminlte.min.js HTTP/1.1" 200 44244
INFO 2025-08-09 13:58:09,769 basehttp 19613 123145652826112 "GET /static/vendor/bootswatch/darkly/bootstrap.min.css HTTP/1.1" 200 164202
INFO 2025-08-09 13:58:09,769 basehttp 19613 123145636036608 "GET /static/admin/js/vendor/jquery/jquery.js HTTP/1.1" 200 285314
INFO 2025-08-09 13:58:09,774 basehttp 19613 123145602457600 "GET /static/vendor/fontawesome-free/css/all.min.css HTTP/1.1" 200 103009
INFO 2025-08-09 13:58:09,777 basehttp 19613 123145619247104 "GET /static/vendor/adminlte/css/adminlte.min.css HTTP/1.1" 200 1382975
INFO 2025-08-09 13:58:10,048 basehttp 19613 123145619247104 "GET /static/vendor/fontawesome-free/webfonts/fa-solid-900.woff2 HTTP/1.1" 200 156400
INFO 2025-08-09 13:58:10,049 basehttp 19613 123145602457600 "GET /static/vendor/fontawesome-free/webfonts/fa-regular-400.woff2 HTTP/1.1" 200 25392
WARNING 2025-08-09 13:58:10,289 basehttp 19613 123145619247104 "GET /static/fas%20fa-car HTTP/1.1" 404 1844
INFO 2025-08-09 13:58:13,773 basehttp 19613 123145602457600 "GET /admin/api/vipzonekilometerrule/ HTTP/1.1" 200 38582
INFO 2025-08-09 13:58:13,819 basehttp 19613 123145686405120 "GET /static/admin/js/core.js HTTP/1.1" 200 6208
INFO 2025-08-09 13:58:13,820 basehttp 19613 123145636036608 "GET /static/admin/js/jquery.init.js HTTP/1.1" 200 347
INFO 2025-08-09 13:58:13,820 basehttp 19613 123145669615616 "GET /static/vendor/select2/css/select2.min.css HTTP/1.1" 200 16264
INFO 2025-08-09 13:58:13,825 basehttp 19613 123145619247104 "GET /static/admin/js/admin/RelatedObjectLookups.js HTTP/1.1" 200 9777
INFO 2025-08-09 13:58:13,834 basehttp 19613 123145669615616 "GET /static/admin/js/prepopulate.js HTTP/1.1" 200 1531
INFO 2025-08-09 13:58:13,834 basehttp 19613 123145686405120 "GET /static/admin/js/urlify.js HTTP/1.1" 200 7887
INFO 2025-08-09 13:58:13,837 basehttp 19613 123145636036608 "GET /static/admin/js/actions.js HTTP/1.1" 200 8076
INFO 2025-08-09 13:58:13,840 basehttp 19613 123145652826112 "GET /admin/jsi18n/ HTTP/1.1" 200 3342
INFO 2025-08-09 13:58:13,842 basehttp 19613 123145669615616 "GET /static/jazzmin/js/change_list.js HTTP/1.1" 200 2252
INFO 2025-08-09 13:58:13,845 basehttp 19613 123145619247104 "GET /static/vendor/select2/js/select2.min.js HTTP/1.1" 200 73170
INFO 2025-08-09 13:58:13,852 basehttp 19613 123145602457600 "GET /static/admin/js/vendor/xregexp/xregexp.js HTTP/1.1" 200 325171
INFO 2025-08-09 13:58:20,333 basehttp 19613 123145602457600 "GET /admin/api/vehicle/ HTTP/1.1" 200 42361
INFO 2025-08-09 13:58:20,387 basehttp 19613 123145619247104 "GET /static/admin/img/icon-yes.svg HTTP/1.1" 200 436
INFO 2025-08-09 13:58:20,387 basehttp 19613 123145602457600 "GET /admin/jsi18n/ HTTP/1.1" 200 3342
INFO 2025-08-09 13:58:23,255 basehttp 19613 123145619247104 "GET /admin/api/userdriver/ HTTP/1.1" 200 49652
INFO 2025-08-09 13:58:23,294 basehttp 19613 123145619247104 "GET /admin/jsi18n/ HTTP/1.1" 200 3342
INFO 2025-08-09 13:58:30,829 basehttp 19613 123145619247104 "GET /admin/api/otpverification/ HTTP/1.1" 200 29251
INFO 2025-08-09 13:58:30,870 basehttp 19613 123145619247104 "GET /admin/jsi18n/ HTTP/1.1" 200 3342
INFO 2025-08-09 13:58:32,847 basehttp 19613 123145619247104 "GET /admin/api/country/ HTTP/1.1" 200 33580
INFO 2025-08-09 13:58:32,874 basehttp 19613 123145619247104 "GET /admin/jsi18n/ HTTP/1.1" 200 3342
INFO 2025-08-09 13:58:35,669 basehttp 19613 123145619247104 "GET /admin/api/city/ HTTP/1.1" 200 35693
INFO 2025-08-09 13:58:35,696 basehttp 19613 123145619247104 "GET /admin/jsi18n/ HTTP/1.1" 200 3342
INFO 2025-08-09 13:58:48,021 basehttp 19613 123145619247104 "GET /admin/api/wallet/ HTTP/1.1" 200 47106
INFO 2025-08-09 13:58:48,042 basehttp 19613 123145619247104 "GET /admin/jsi18n/ HTTP/1.1" 200 3342
INFO 2025-08-09 13:58:54,521 basehttp 19613 123145619247104 "GET /admin/api/userdriver/ HTTP/1.1" 200 49652
INFO 2025-08-09 13:58:54,546 basehttp 19613 123145619247104 "GET /admin/jsi18n/ HTTP/1.1" 200 3342
INFO 2025-08-09 14:15:16,382 basehttp 19613 123145602457600 "GET /admin/api/userdriver/ HTTP/1.1" 200 49652
INFO 2025-08-09 14:15:16,423 basehttp 19613 123145602457600 "GET /admin/jsi18n/ HTTP/1.1" 200 3342
INFO 2025-08-09 14:15:22,816 basehttp 19613 123145602457600 "POST /admin/api/userdriver/ HTTP/1.1" 200 30472
INFO 2025-08-09 14:15:22,843 basehttp 19613 123145602457600 "GET /static/admin/js/cancel.js HTTP/1.1" 200 564
INFO 2025-08-09 14:15:24,378 basehttp 19613 123145602457600 "POST /admin/api/userdriver/ HTTP/1.1" 302 0
INFO 2025-08-09 14:15:24,403 basehttp 19613 123145602457600 "GET /admin/api/userdriver/ HTTP/1.1" 200 31693
INFO 2025-08-09 14:15:24,425 basehttp 19613 123145602457600 "GET /admin/jsi18n/ HTTP/1.1" 200 3342
INFO 2025-08-09 14:19:12,129 basehttp 19613 123145602457600 "GET /admin/api/notificationconfig/ HTTP/1.1" 200 27177
INFO 2025-08-09 14:19:15,504 basehttp 19613 123145602457600 "GET /admin/api/notificationconfig/ HTTP/1.1" 200 27177
INFO 2025-08-09 14:19:16,431 basehttp 19613 123145602457600 "GET /admin/api/notificationconfig/ HTTP/1.1" 200 27177
INFO 2025-08-09 14:19:18,336 basehttp 19613 123145602457600 "GET /admin/api/referralcode/ HTTP/1.1" 200 48673
INFO 2025-08-09 14:19:18,353 basehttp 19613 123145602457600 "GET /admin/jsi18n/ HTTP/1.1" 200 3342
INFO 2025-08-09 14:19:19,186 basehttp 19613 123145602457600 "GET /admin/api/notificationconfig/ HTTP/1.1" 200 27177
INFO 2025-08-09 14:19:20,020 basehttp 19613 123145602457600 "GET /admin/api/generalconfig/ HTTP/1.1" 200 44488
WARNING 2025-08-09 14:19:20,046 basehttp 19613 123145619247104 "GET /static/admin/css/custom_admin.css HTTP/1.1" 404 1890
INFO 2025-08-09 14:19:20,047 basehttp 19613 123145602457600 "GET /admin/jsi18n/ HTTP/1.1" 200 3342
INFO 2025-08-09 14:19:57,743 basehttp 19613 123145602457600 "GET /admin/api/notificationconfig/ HTTP/1.1" 200 27177
INFO 2025-08-09 14:19:59,052 basehttp 19613 123145602457600 "GET /admin/api/notificationconfig/ HTTP/1.1" 200 27177
INFO 2025-08-09 15:06:14,696 basehttp 19613 123145602457600 "GET /admin/api/notificationconfig/add/ HTTP/1.1" 200 44434
INFO 2025-08-09 15:06:14,732 basehttp 19613 123145619247104 "GET /static/admin/js/change_form.js HTTP/1.1" 200 606
INFO 2025-08-09 15:06:14,732 basehttp 19613 123145636036608 "GET /static/admin/js/prepopulate_init.js HTTP/1.1" 200 586
INFO 2025-08-09 15:06:14,733 basehttp 19613 123145602457600 "GET /admin/jsi18n/ HTTP/1.1" 200 3342
INFO 2025-08-09 15:06:14,740 basehttp 19613 123145636036608 "GET /static/jazzmin/plugins/bootstrap-show-modal/bootstrap-show-modal.min.js HTTP/1.1" 200 2756
INFO 2025-08-09 15:06:14,741 basehttp 19613 123145602457600 "GET /static/jazzmin/js/change_form.js HTTP/1.1" 200 6052
INFO 2025-08-09 15:06:14,770 basehttp 19613 123145602457600 "GET /static/jazzmin/js/related-modal.js HTTP/1.1" 200 6258
INFO 2025-08-09 15:09:30,169 basehttp 19613 123145602457600 "POST /admin/api/notificationconfig/add/ HTTP/1.1" 302 0
INFO 2025-08-09 15:09:30,205 basehttp 19613 123145602457600 "GET /admin/api/notificationconfig/ HTTP/1.1" 200 30535
INFO 2025-08-09 15:09:33,080 basehttp 19613 123145602457600 "GET /admin/api/notificationconfig/1/change/ HTTP/1.1" 200 45139
INFO 2025-08-09 15:09:33,106 basehttp 19613 123145602457600 "GET /admin/jsi18n/ HTTP/1.1" 200 3342
INFO 2025-08-09 15:14:11,673 nexah_service 19613 123145602457600 Sending SMS to +237658895572
INFO 2025-08-09 15:14:13,014 nexah_service 19613 123145602457600 Nexah API response: 200
INFO 2025-08-09 15:14:13,014 otp 19613 123145602457600 OTP send result for +237658895572: {'success': True, 'message': 'SMS sent successfully!', 'data': {'responsecode': 1, 'responsedescription': 'success', 'responsemessage': 'success', 'sms': [{'status': 'success', 'smsclientid': 'smpp.ocm.689765c4d6ce2e072991e881', 'messageid': 'smpp.ocm.145c18a6-f617-4f28-bf89-e614ba7d5a05', 'mobileno': '237658895572', 'errorcode': None, 'errordescription': None, 'total_sms_unit': 1, 'balance': 792}]}}
INFO 2025-08-09 15:14:13,017 basehttp 19613 123145602457600 "POST /api/v1/auth/generate-otp/ HTTP/1.1" 200 132
INFO 2025-08-09 15:14:36,630 basehttp 19613 123145602457600 "POST /api/v1/auth/verify-otp/ HTTP/1.1" 200 65
INFO 2025-08-09 15:14:38,060 basehttp 19613 123145602457600 "POST /api/v1/auth/register/driver/ HTTP/1.1" 201 266
INFO 2025-08-09 15:14:39,551 basehttp 19613 123145619783680 "POST /api/v1/auth/login/ HTTP/1.1" 200 261
INFO 2025-08-09 15:15:00,842 basehttp 19613 123145602457600 "POST /api/v1/documents/import/ HTTP/1.1" 201 524
INFO 2025-08-09 15:15:01,366 basehttp 19613 123145602457600 "GET /api/v1/vehicles/configs/types/ HTTP/1.1" 200 318
INFO 2025-08-09 15:15:01,377 basehttp 19613 123145619783680 "GET /api/v1/vehicles/configs/brands/ HTTP/1.1" 200 154
INFO 2025-08-09 15:15:01,383 basehttp 19613 123145636573184 "GET /api/v1/vehicles/configs/models/ HTTP/1.1" 200 210
INFO 2025-08-09 15:15:01,389 basehttp 19613 123145653362688 "GET /api/v1/vehicles/configs/colors/ HTTP/1.1" 200 269
INFO 2025-08-09 15:15:14,552 basehttp 19613 123145602457600 "GET /admin/api/vehiclebrand/ HTTP/1.1" 200 32243
INFO 2025-08-09 15:15:14,581 basehttp 19613 123145602457600 "GET /admin/jsi18n/ HTTP/1.1" 200 3342
INFO 2025-08-09 15:15:15,866 basehttp 19613 123145602457600 "GET /admin/api/document/ HTTP/1.1" 200 37532
INFO 2025-08-09 15:15:15,892 basehttp 19613 123145602457600 "GET /admin/jsi18n/ HTTP/1.1" 200 3342
INFO 2025-08-09 15:15:16,811 basehttp 19613 123145602457600 "GET /admin/api/vehiclemodel/ HTTP/1.1" 200 33019
INFO 2025-08-09 15:15:16,831 basehttp 19613 123145602457600 "GET /admin/jsi18n/ HTTP/1.1" 200 3342
INFO 2025-08-09 15:15:17,615 basehttp 19613 123145602457600 "GET /admin/api/vehicletype/ HTTP/1.1" 200 33326
INFO 2025-08-09 15:15:17,639 basehttp 19613 123145602457600 "GET /admin/jsi18n/ HTTP/1.1" 200 3342
INFO 2025-08-09 15:15:27,773 basehttp 19613 123145602457600 "GET /admin/api/vehiclebrand/ HTTP/1.1" 200 32243
INFO 2025-08-09 15:15:27,797 basehttp 19613 123145602457600 "GET /admin/jsi18n/ HTTP/1.1" 200 3342
INFO 2025-08-09 15:15:30,427 basehttp 19613 123145602457600 "GET /admin/api/vehiclemodel/ HTTP/1.1" 200 33019
INFO 2025-08-09 15:15:30,459 basehttp 19613 123145602457600 "GET /admin/jsi18n/ HTTP/1.1" 200 3342
INFO 2025-08-09 15:15:35,884 basehttp 19613 123145602457600 "GET /admin/api/vehicle/ HTTP/1.1" 200 36039
INFO 2025-08-09 15:15:35,906 basehttp 19613 123145602457600 "GET /admin/jsi18n/ HTTP/1.1" 200 3342
INFO 2025-08-09 15:15:37,302 basehttp 19613 123145602457600 "GET /admin/api/vehiclecolor/ HTTP/1.1" 200 33635
INFO 2025-08-09 15:15:37,324 basehttp 19613 123145602457600 "GET /admin/jsi18n/ HTTP/1.1" 200 3342
INFO 2025-08-09 15:18:42,476 basehttp 19613 123145636573184 "POST /api/v1/vehicles/create/ HTTP/1.1" 201 1046
INFO 2025-08-09 15:18:59,195 basehttp 19613 123145619783680 "POST /api/v1/documents/import/ HTTP/1.1" 201 528
INFO 2025-08-09 15:18:59,310 basehttp 19613 123145619783680 "POST /api/v1/documents/import/ HTTP/1.1" 201 512
INFO 2025-08-09 15:26:42,553 basehttp 19613 123145602457600 "GET /admin/api/vehicle/ HTTP/1.1" 200 42360
INFO 2025-08-09 15:26:42,585 basehttp 19613 123145602457600 "GET /admin/jsi18n/ HTTP/1.1" 200 3342
INFO 2025-08-09 15:26:42,588 basehttp 19613 123145619783680 "GET /static/admin/img/icon-no.svg HTTP/1.1" 200 560
INFO 2025-08-09 15:26:53,714 basehttp 19613 123145619783680 "GET /admin/api/document/ HTTP/1.1" 200 39296
INFO 2025-08-09 15:26:53,736 basehttp 19613 123145619783680 "GET /admin/jsi18n/ HTTP/1.1" 200 3342
INFO 2025-08-09 15:27:03,064 basehttp 19613 123145619783680 "POST /admin/api/document/ HTTP/1.1" 200 27145
INFO 2025-08-09 15:27:04,779 basehttp 19613 123145619783680 "POST /admin/api/document/ HTTP/1.1" 302 0
INFO 2025-08-09 15:27:04,829 basehttp 19613 123145619783680 "GET /admin/api/document/ HTTP/1.1" 200 38987
INFO 2025-08-09 15:27:04,855 basehttp 19613 123145619783680 "GET /admin/jsi18n/ HTTP/1.1" 200 3342
INFO 2025-08-09 15:27:34,691 basehttp 19613 123145636573184 "POST /api/v1/auth/login/ HTTP/1.1" 200 261
INFO 2025-08-09 15:28:02,730 basehttp 19613 123145636573184 "GET /api/v1/order/driver/status/ HTTP/1.1" 200 53
WARNING 2025-08-09 15:34:53,670 log 19613 123145602457600 Not Found: /swagger/
WARNING 2025-08-09 15:34:53,673 basehttp 19613 123145602457600 "GET /swagger/ HTTP/1.1" 404 3199
WARNING 2025-08-09 15:34:53,790 log 19613 123145602457600 Not Found: /favicon.ico
WARNING 2025-08-09 15:34:53,790 basehttp 19613 123145602457600 "GET /favicon.ico HTTP/1.1" 404 3208
WARNING 2025-08-09 15:34:57,592 log 19613 123145602457600 Not Found: /
WARNING 2025-08-09 15:34:57,593 basehttp 19613 123145602457600 "GET / HTTP/1.1" 404 3157
INFO 2025-08-09 15:35:05,665 basehttp 19613 123145602457600 "GET /admin/ HTTP/1.1" 200 58065
INFO 2025-08-09 15:35:08,156 basehttp 19613 123145602457600 "GET /api/docs/swagger/ HTTP/1.1" 200 4651
INFO 2025-08-09 15:35:25,758 basehttp 19613 123145602457600 "GET /api/schema/ HTTP/1.1" 200 112854
INFO 2025-08-09 15:36:01,032 basehttp 19613 123145602457600 "GET /admin/api/userdriver/ HTTP/1.1" 200 36946
INFO 2025-08-09 15:36:01,068 basehttp 19613 123145602457600 "GET /admin/jsi18n/ HTTP/1.1" 200 3342
ERROR 2025-08-09 15:36:16,334 forgot_password 19613 123145602457600 Erreur lors de la réinitialisation du mot de passe: 'UserDriver' object has no attribute 'set_password'
ERROR 2025-08-09 15:36:16,336 log 19613 123145602457600 Internal Server Error: /api/v1/auth/forgot-password/
ERROR 2025-08-09 15:36:16,336 basehttp 19613 123145602457600 "POST /api/v1/auth/forgot-password/ HTTP/1.1" 500 93
ERROR 2025-08-09 15:36:35,189 forgot_password 19613 123145602457600 Erreur lors de la réinitialisation du mot de passe: 'UserDriver' object has no attribute 'set_password'
ERROR 2025-08-09 15:36:35,189 log 19613 123145602457600 Internal Server Error: /api/v1/auth/forgot-password/
ERROR 2025-08-09 15:36:35,190 basehttp 19613 123145602457600 "POST /api/v1/auth/forgot-password/ HTTP/1.1" 500 93
INFO 2025-08-09 15:44:25,192 basehttp 19613 123145602457600 "GET /admin/api/userdriver/ HTTP/1.1" 200 36946
INFO 2025-08-09 15:44:25,220 basehttp 19613 123145602457600 "GET /admin/jsi18n/ HTTP/1.1" 200 3342
INFO 2025-08-09 15:44:32,606 basehttp 19613 123145602457600 "POST /admin/api/userdriver/ HTTP/1.1" 200 27364
INFO 2025-08-09 15:44:34,423 basehttp 19613 123145602457600 "POST /admin/api/userdriver/ HTTP/1.1" 302 0
INFO 2025-08-09 15:44:34,455 basehttp 19613 123145602457600 "GET /admin/api/userdriver/ HTTP/1.1" 200 31691
INFO 2025-08-09 15:44:34,489 basehttp 19613 123145602457600 "GET /admin/jsi18n/ HTTP/1.1" 200 3342
INFO 2025-08-09 15:44:36,741 basehttp 19613 123145602457600 "GET /admin/api/document/ HTTP/1.1" 200 38481
INFO 2025-08-09 15:44:36,771 basehttp 19613 123145602457600 "GET /admin/jsi18n/ HTTP/1.1" 200 3342
INFO 2025-08-09 15:44:40,251 basehttp 19613 123145602457600 "POST /admin/api/document/ HTTP/1.1" 200 27610
INFO 2025-08-09 15:44:41,411 basehttp 19613 123145602457600 "POST /admin/api/document/ HTTP/1.1" 302 0
INFO 2025-08-09 15:44:41,440 basehttp 19613 123145602457600 "GET /admin/api/document/ HTTP/1.1" 200 30916
INFO 2025-08-09 15:44:41,476 basehttp 19613 123145602457600 "GET /admin/jsi18n/ HTTP/1.1" 200 3342
WARNING 2025-08-09 15:45:03,282 log 19613 123145636573184 Bad Request: /api/v1/auth/login/
WARNING 2025-08-09 15:45:03,282 basehttp 19613 123145636573184 "POST /api/v1/auth/login/ HTTP/1.1" 400 85
INFO 2025-08-09 15:46:02,785 nexah_service 19613 123145602457600 Sending SMS to +237658895572
INFO 2025-08-09 15:46:04,408 nexah_service 19613 123145602457600 Nexah API response: 200
INFO 2025-08-09 15:46:04,409 otp 19613 123145602457600 OTP send result for +237658895572: {'success': True, 'message': 'SMS sent successfully!', 'data': {'responsecode': 1, 'responsedescription': 'success', 'responsemessage': 'success', 'sms': [{'status': 'success', 'smsclientid': 'smpp.ocm.68976d3cd6ce2e072991ec27', 'messageid': 'smpp.ocm.faa93d5f-c571-4154-8750-a18fc3794ec3', 'mobileno': '237658895572', 'errorcode': None, 'errordescription': None, 'total_sms_unit': 1, 'balance': 791}]}}
INFO 2025-08-09 15:46:04,410 basehttp 19613 123145602457600 "POST /api/v1/auth/generate-otp/ HTTP/1.1" 200 132
INFO 2025-08-09 15:46:22,776 basehttp 19613 123145602457600 "POST /api/v1/auth/verify-otp/ HTTP/1.1" 200 65
INFO 2025-08-09 15:46:24,433 basehttp 19613 123145602457600 "POST /api/v1/auth/register/driver/ HTTP/1.1" 201 266
INFO 2025-08-09 15:46:25,947 basehttp 19613 123145619783680 "POST /api/v1/auth/login/ HTTP/1.1" 200 261
INFO 2025-08-09 15:46:37,800 basehttp 19613 123145602457600 "POST /api/v1/documents/import/ HTTP/1.1" 201 524
INFO 2025-08-09 15:46:38,187 basehttp 19613 123145602457600 "GET /api/v1/vehicles/configs/types/ HTTP/1.1" 200 318
INFO 2025-08-09 15:46:38,193 basehttp 19613 123145619783680 "GET /api/v1/vehicles/configs/brands/ HTTP/1.1" 200 154
INFO 2025-08-09 15:46:38,193 basehttp 19613 123145636573184 "GET /api/v1/vehicles/configs/models/ HTTP/1.1" 200 210
INFO 2025-08-09 15:46:38,194 basehttp 19613 123145653362688 "GET /api/v1/vehicles/configs/colors/ HTTP/1.1" 200 269
INFO 2025-08-09 15:47:29,065 basehttp 19613 123145602457600 "POST /api/v1/vehicles/create/ HTTP/1.1" 201 1042
INFO 2025-08-09 15:47:54,891 basehttp 19613 123145602457600 "POST /api/v1/documents/import/ HTTP/1.1" 201 528
INFO 2025-08-09 15:47:55,025 basehttp 19613 123145602457600 "POST /api/v1/documents/import/ HTTP/1.1" 201 512
INFO 2025-08-09 15:48:10,543 basehttp 19613 123145602457600 "GET /api/v1/order/driver/status/ HTTP/1.1" 200 53
INFO 2025-08-09 15:48:52,698 basehttp 19613 123145602457600 "POST /api/v1/auth/token/verify/ HTTP/1.1" 200 262
INFO 2025-08-09 15:48:54,563 basehttp 19613 123145602457600 "POST /api/v1/auth/token/verify/ HTTP/1.1" 200 262
INFO 2025-08-09 15:48:56,806 basehttp 19613 123145602457600 "GET /api/v1/order/driver/status/ HTTP/1.1" 200 53
INFO 2025-08-09 15:50:47,152 autoreload 19613 140704327262976 /Users/boussastevejunior/Desktop/Dev/Personal/WOILA/BackendV2/woila_backend/api/models.py changed, reloading.
INFO 2025-08-09 15:50:48,507 autoreload 79761 140704327262976 Watching for file changes with StatReloader
INFO 2025-08-09 15:51:03,705 autoreload 79761 140704327262976 /Users/boussastevejunior/Desktop/Dev/Personal/WOILA/BackendV2/woila_backend/api/viewsets/forgot_password.py changed, reloading.
INFO 2025-08-09 15:51:04,306 autoreload 79969 140704327262976 Watching for file changes with StatReloader
INFO 2025-08-09 15:51:10,217 forgot_password 79969 123145394831360 Mot de passe réinitialisé pour +237658895572 (driver)
INFO 2025-08-09 15:51:10,218 basehttp 79969 123145394831360 "POST /api/v1/auth/forgot-password/ HTTP/1.1" 200 66
INFO 2025-08-09 15:51:19,610 basehttp 79969 123145411620864 "POST /api/v1/auth/logout/ HTTP/1.1" 200 50
WARNING 2025-08-09 15:51:32,412 log 79969 123145411620864 Bad Request: /api/v1/auth/login/
WARNING 2025-08-09 15:51:32,412 basehttp 79969 123145411620864 "POST /api/v1/auth/login/ HTTP/1.1" 400 75
INFO 2025-08-09 15:51:40,719 basehttp 79969 123145411620864 "POST /api/v1/auth/login/ HTTP/1.1" 200 261
INFO 2025-08-09 15:51:45,310 basehttp 79969 123145411620864 "GET /api/v1/order/driver/status/ HTTP/1.1" 200 53
INFO 2025-08-09 15:51:58,092 basehttp 79969 123145411620864 "POST /api/v1/auth/token/verify/ HTTP/1.1" 200 262
INFO 2025-08-09 15:51:59,953 basehttp 79969 123145411620864 "POST /api/v1/auth/token/verify/ HTTP/1.1" 200 262
INFO 2025-08-09 15:52:01,521 basehttp 79969 123145411620864 "GET /api/v1/order/driver/status/ HTTP/1.1" 200 53
INFO 2025-08-09 15:53:52,243 basehttp 79969 123145411620864 "POST /api/v1/auth/token/verify/ HTTP/1.1" 200 262
INFO 2025-08-09 15:53:54,155 basehttp 79969 123145411620864 "POST /api/v1/auth/token/verify/ HTTP/1.1" 200 262
INFO 2025-08-09 15:53:59,193 basehttp 79969 123145411620864 "GET /api/v1/order/driver/status/ HTTP/1.1" 200 53
INFO 2025-08-09 15:54:12,249 basehttp 79969 123145411620864 "POST /api/v1/auth/logout/ HTTP/1.1" 200 50
WARNING 2025-08-09 16:52:36,228 log 79969 123145394831360 Bad Request: /api/v1/auth/generate-otp/
WARNING 2025-08-09 16:52:36,229 basehttp 79969 123145394831360 "POST /api/v1/auth/generate-otp/ HTTP/1.1" 400 42
INFO 2025-08-09 16:53:49,962 autoreload 79969 140704327262976 /Users/boussastevejunior/Desktop/Dev/Personal/WOILA/BackendV2/woila_backend/api/viewsets/otp.py changed, reloading.
INFO 2025-08-09 16:53:50,775 autoreload 8624 140704327262976 Watching for file changes with StatReloader
INFO 2025-08-09 16:53:58,753 autoreload 8624 140704327262976 /Users/boussastevejunior/Desktop/Dev/Personal/WOILA/BackendV2/woila_backend/api/viewsets/otp.py changed, reloading.
INFO 2025-08-09 16:53:59,426 autoreload 8692 140704327262976 Watching for file changes with StatReloader
INFO 2025-08-09 16:54:03,276 nexah_service 8692 123145512591360 Sending SMS to +237658895572
INFO 2025-08-09 16:54:04,760 nexah_service 8692 123145512591360 Nexah API response: 200
INFO 2025-08-09 16:54:04,760 otp 8692 123145512591360 OTP send result for +237658895572: {'success': True, 'message': 'SMS sent successfully!', 'data': {'responsecode': 1, 'responsedescription': 'success', 'responsemessage': 'success', 'sms': [{'status': 'success', 'smsclientid': 'smpp.ocm.68977d2cd6ce2e072991f1a2', 'messageid': 'smpp.ocm.60fa1a2f-0183-4302-af59-e657622d819a', 'mobileno': '237658895572', 'errorcode': None, 'errordescription': None, 'total_sms_unit': 1, 'balance': 790}]}}
INFO 2025-08-09 16:54:04,761 basehttp 8692 123145512591360 "POST /api/v1/auth/generate-otp/ HTTP/1.1" 200 132
INFO 2025-08-09 16:54:21,516 basehttp 8692 123145512591360 "POST /api/v1/auth/verify-otp/ HTTP/1.1" 200 65
INFO 2025-08-09 16:58:19,981 nexah_service 8692 123145512591360 Sending SMS to +237658895572
INFO 2025-08-09 16:58:21,265 nexah_service 8692 123145512591360 Nexah API response: 200
INFO 2025-08-09 16:58:21,267 otp 8692 123145512591360 OTP send result for +237658895572: {'success': True, 'message': 'SMS sent successfully!', 'data': {'responsecode': 1, 'responsedescription': 'success', 'responsemessage': 'success', 'sms': [{'status': 'success', 'smsclientid': 'smpp.ocm.68977e2dd6ce2e072991f1d8', 'messageid': 'smpp.ocm.54c9981b-6176-4504-b399-f7d0f420661b', 'mobileno': '237658895572', 'errorcode': None, 'errordescription': None, 'total_sms_unit': 1, 'balance': 789}]}}
INFO 2025-08-09 16:58:21,268 basehttp 8692 123145512591360 "POST /api/v1/auth/generate-otp/ HTTP/1.1" 200 132
INFO 2025-08-09 16:58:35,882 basehttp 8692 123145512591360 "POST /api/v1/auth/verify-otp/ HTTP/1.1" 200 65
INFO 2025-08-09 16:59:04,460 forgot_password 8692 123145512591360 Mot de passe réinitialisé pour +237658895572 (driver)
INFO 2025-08-09 16:59:04,460 basehttp 8692 123145512591360 "POST /api/v1/auth/forgot-password/ HTTP/1.1" 200 66
WARNING 2025-08-09 18:39:07,962 log 8692 123145512591360 Bad Request: /api/v1/auth/login/
WARNING 2025-08-09 18:39:07,966 basehttp 8692 123145512591360 "POST /api/v1/auth/login/ HTTP/1.1" 400 75
INFO 2025-08-09 18:39:15,223 basehttp 8692 123145512591360 "POST /api/v1/auth/login/ HTTP/1.1" 200 261
INFO 2025-08-09 18:39:25,459 basehttp 8692 123145512591360 "GET /api/v1/order/driver/status/ HTTP/1.1" 200 53
INFO 2025-08-09 18:39:37,620 basehttp 8692 123145512591360 "POST /api/v1/auth/token/verify/ HTTP/1.1" 200 262
INFO 2025-08-09 18:39:39,544 basehttp 8692 123145512591360 "POST /api/v1/auth/token/verify/ HTTP/1.1" 200 262
INFO 2025-08-09 18:39:44,897 basehttp 8692 123145512591360 "GET /api/v1/order/driver/status/ HTTP/1.1" 200 53
INFO 2025-08-09 18:39:57,417 basehttp 8692 123145512591360 "GET /admin/api/userdriver/ HTTP/1.1" 200 36946
INFO 2025-08-09 18:39:57,470 basehttp 8692 123145512591360 "GET /static/vendor/fontawesome-free/css/all.min.css HTTP/1.1" 304 0
INFO 2025-08-09 18:39:57,476 basehttp 8692 123145563496448 "GET /static/vendor/bootswatch/darkly/bootstrap.min.css HTTP/1.1" 304 0
INFO 2025-08-09 18:39:57,478 basehttp 8692 123145546706944 "GET /static/vendor/adminlte/css/adminlte.min.css HTTP/1.1" 304 0
INFO 2025-08-09 18:39:57,481 basehttp 8692 123145512591360 "GET /static/jazzmin/css/main.css HTTP/1.1" 304 0
INFO 2025-08-09 18:39:57,483 basehttp 8692 123145580285952 "GET /static/vendor/select2/css/select2.min.css HTTP/1.1" 304 0
INFO 2025-08-09 18:39:57,485 basehttp 8692 123145597075456 "GET /static/admin/js/vendor/jquery/jquery.js HTTP/1.1" 304 0
INFO 2025-08-09 18:39:57,486 basehttp 8692 123145563496448 "GET /static/admin/js/jquery.init.js HTTP/1.1" 304 0
INFO 2025-08-09 18:39:57,487 basehttp 8692 123145512591360 "GET /static/admin/js/admin/RelatedObjectLookups.js HTTP/1.1" 304 0
INFO 2025-08-09 18:39:57,487 basehttp 8692 123145546706944 "GET /static/admin/js/core.js HTTP/1.1" 304 0
INFO 2025-08-09 18:39:57,490 basehttp 8692 123145580285952 "GET /static/admin/js/actions.js HTTP/1.1" 304 0
INFO 2025-08-09 18:39:57,492 basehttp 8692 123145597075456 "GET /static/admin/js/urlify.js HTTP/1.1" 304 0
INFO 2025-08-09 18:39:57,494 basehttp 8692 123145563496448 "GET /static/admin/js/prepopulate.js HTTP/1.1" 304 0
INFO 2025-08-09 18:39:57,495 basehttp 8692 123145546706944 "GET /static/vendor/adminlte/img/AdminLTELogo.png HTTP/1.1" 304 0
INFO 2025-08-09 18:39:57,497 basehttp 8692 123145512591360 "GET /static/admin/js/vendor/xregexp/xregexp.js HTTP/1.1" 304 0
INFO 2025-08-09 18:39:57,497 basehttp 8692 123145597075456 "GET /static/vendor/bootstrap/js/bootstrap.min.js HTTP/1.1" 304 0
INFO 2025-08-09 18:39:57,500 basehttp 8692 123145529917440 "GET /admin/jsi18n/ HTTP/1.1" 200 3342
INFO 2025-08-09 18:39:57,513 basehttp 8692 123145529917440 "GET /static/jazzmin/js/main.js HTTP/1.1" 304 0
INFO 2025-08-09 18:39:57,514 basehttp 8692 123145597075456 "GET /static/vendor/adminlte/js/adminlte.min.js HTTP/1.1" 304 0
INFO 2025-08-09 18:39:57,554 basehttp 8692 123145529917440 "GET /static/vendor/select2/js/select2.min.js HTTP/1.1" 304 0
INFO 2025-08-09 18:39:57,555 basehttp 8692 123145597075456 "GET /static/jazzmin/js/change_list.js HTTP/1.1" 304 0
INFO 2025-08-09 18:39:57,602 basehttp 8692 123145597075456 "GET /static/vendor/fontawesome-free/webfonts/fa-solid-900.woff2 HTTP/1.1" 304 0
INFO 2025-08-09 18:39:57,603 basehttp 8692 123145529917440 "GET /static/vendor/fontawesome-free/webfonts/fa-regular-400.woff2 HTTP/1.1" 304 0
INFO 2025-08-09 18:39:58,987 basehttp 8692 123145529917440 "GET /admin/api/userdriver/17/change/ HTTP/1.1" 200 63763
INFO 2025-08-09 18:39:59,014 basehttp 8692 123145529917440 "GET /admin/jsi18n/ HTTP/1.1" 200 3342
INFO 2025-08-09 18:39:59,051 basehttp 8692 123145563496448 "GET /static/admin/js/admin/DateTimeShortcuts.js HTTP/1.1" 200 19319
INFO 2025-08-09 18:39:59,053 basehttp 8692 123145597075456 "GET /static/admin/css/autocomplete.css HTTP/1.1" 200 9185
INFO 2025-08-09 18:39:59,053 basehttp 8692 123145580285952 "GET /static/admin/js/vendor/select2/i18n/en.js HTTP/1.1" 200 844
INFO 2025-08-09 18:39:59,057 basehttp 8692 123145512591360 "GET /static/admin/js/calendar.js HTTP/1.1" 200 9141
INFO 2025-08-09 18:39:59,059 basehttp 8692 123145529917440 "GET /static/admin/css/vendor/select2/select2.css HTTP/1.1" 200 17358
INFO 2025-08-09 18:39:59,061 basehttp 8692 123145580285952 "GET /static/admin/js/change_form.js HTTP/1.1" 304 0
INFO 2025-08-09 18:39:59,063 basehttp 8692 123145563496448 "GET /static/admin/js/autocomplete.js HTTP/1.1" 200 1060
INFO 2025-08-09 18:39:59,064 basehttp 8692 123145529917440 "GET /static/admin/js/prepopulate_init.js HTTP/1.1" 304 0
INFO 2025-08-09 18:39:59,067 basehttp 8692 123145597075456 "GET /static/admin/js/inlines.js HTTP/1.1" 200 15628
INFO 2025-08-09 18:39:59,068 basehttp 8692 123145546706944 "GET /static/admin/js/vendor/select2/select2.full.js HTTP/1.1" 200 173566
INFO 2025-08-09 18:39:59,070 basehttp 8692 123145529917440 "GET /static/jazzmin/plugins/bootstrap-show-modal/bootstrap-show-modal.min.js HTTP/1.1" 304 0
INFO 2025-08-09 18:39:59,070 basehttp 8692 123145597075456 "GET /static/jazzmin/js/change_form.js HTTP/1.1" 304 0
INFO 2025-08-09 18:39:59,077 basehttp 8692 123145597075456 "GET /static/jazzmin/js/related-modal.js HTTP/1.1" 304 0
INFO 2025-08-09 18:39:59,083 basehttp 8692 123145546706944 "GET /static/admin/img/icon-deletelink.svg HTTP/1.1" 200 392
INFO 2025-08-09 18:39:59,083 basehttp 8692 123145563496448 "GET /static/admin/img/icon-viewlink.svg HTTP/1.1" 200 581
INFO 2025-08-09 18:39:59,084 basehttp 8692 123145529917440 "GET /static/admin/img/icon-addlink.svg HTTP/1.1" 200 331
INFO 2025-08-09 18:39:59,098 basehttp 8692 123145597075456 "GET /static/admin/img/icon-changelink.svg HTTP/1.1" 200 380
INFO 2025-08-09 18:40:25,134 basehttp 8692 123145597075456 "GET /api/v1/profiles/drivers/ HTTP/1.1" 200 301
INFO 2025-08-09 18:47:09,609 autoreload 8692 140704327262976 /Users/boussastevejunior/Desktop/Dev/Personal/WOILA/BackendV2/woila_backend/api/serializers.py changed, reloading.
INFO 2025-08-09 18:47:10,934 autoreload 26532 140704327262976 Watching for file changes with StatReloader
INFO 2025-08-09 18:47:42,631 autoreload 26532 140704327262976 /Users/boussastevejunior/Desktop/Dev/Personal/WOILA/BackendV2/woila_backend/api/serializers.py changed, reloading.
INFO 2025-08-09 18:47:43,632 autoreload 26861 140704327262976 Watching for file changes with StatReloader
INFO 2025-08-09 18:48:10,200 autoreload 26861 140704327262976 /Users/boussastevejunior/Desktop/Dev/Personal/WOILA/BackendV2/woila_backend/api/serializers.py changed, reloading.
INFO 2025-08-09 18:48:10,902 autoreload 27157 140704327262976 Watching for file changes with StatReloader
INFO 2025-08-09 18:50:47,198 autoreload 27157 140704327262976 /Users/boussastevejunior/Desktop/Dev/Personal/WOILA/BackendV2/woila_backend/api/admin.py changed, reloading.
INFO 2025-08-09 18:50:47,801 autoreload 28364 140704327262976 Watching for file changes with StatReloader
INFO 2025-08-09 18:51:16,112 autoreload 28364 140704327262976 /Users/boussastevejunior/Desktop/Dev/Personal/WOILA/BackendV2/woila_backend/api/viewsets/register.py changed, reloading.
INFO 2025-08-09 18:51:17,053 autoreload 28638 140704327262976 Watching for file changes with StatReloader
INFO 2025-08-09 19:11:48,721 autoreload 37804 140704327262976 Watching for file changes with StatReloader
INFO 2025-08-09 19:22:11,063 autoreload 37804 140704327262976 /Users/boussastevejunior/Desktop/Dev/Personal/WOILA/BackendV2/woila_backend/api/viewsets/register.py changed, reloading.
INFO 2025-08-09 19:22:11,806 autoreload 42245 140704327262976 Watching for file changes with StatReloader
INFO 2025-08-09 19:23:41,237 basehttp 42245 123145501876224 "GET /api/docs/swagger/ HTTP/1.1" 200 4651
INFO 2025-08-09 19:23:41,600 basehttp 42245 123145501876224 "GET /api/schema/ HTTP/1.1" 200 111487
INFO 2025-08-09 19:23:46,089 basehttp 42245 123145501876224 "GET /api/v1/profiles/drivers/ HTTP/1.1" 200 328
INFO 2025-08-09 19:33:45,496 basehttp 42245 123145501876224 "GET /api/docs/swagger/ HTTP/1.1" 200 4651
INFO 2025-08-09 19:33:45,823 basehttp 42245 123145501876224 "GET /api/schema/ HTTP/1.1" 200 111487
INFO 2025-08-09 19:35:59,192 basehttp 42245 123145501876224 "GET /admin/api/userdriver/17/change/ HTTP/1.1" 200 64669
INFO 2025-08-09 19:35:59,221 basehttp 42245 123145501876224 "GET /admin/jsi18n/ HTTP/1.1" 200 3342
INFO 2025-08-09 19:36:23,131 basehttp 42245 123145501876224 "POST /admin/api/userdriver/17/change/ HTTP/1.1" 302 0
INFO 2025-08-09 19:36:23,175 basehttp 42245 123145501876224 "GET /admin/api/userdriver/ HTTP/1.1" 200 38094
INFO 2025-08-09 19:36:23,213 basehttp 42245 123145501876224 "GET /admin/jsi18n/ HTTP/1.1" 200 3342
INFO 2025-08-09 19:36:23,217 basehttp 42245 123145518665728 "GET /media/profile_pictures/driver/17/1718882053_Sample_1.jpeg HTTP/1.1" 200 80301
INFO 2025-08-09 19:40:45,701 basehttp 42245 123145535455232 "POST /api/v1/auth/login/ HTTP/1.1" 200 261
INFO 2025-08-09 19:40:56,689 basehttp 42245 123145535455232 "GET /api/v1/order/driver/status/ HTTP/1.1" 200 53
INFO 2025-08-09 19:58:58,711 basehttp 42245 123145501876224 "GET /api/v1/profiles/drivers/ HTTP/1.1" 200 403
INFO 2025-08-09 20:03:29,860 basehttp 42245 123145501876224 "POST /api/v1/auth/token/verify/ HTTP/1.1" 200 262
INFO 2025-08-09 20:03:31,768 basehttp 42245 123145501876224 "POST /api/v1/auth/token/verify/ HTTP/1.1" 200 262
INFO 2025-08-09 20:03:37,433 basehttp 42245 123145501876224 "GET /api/v1/order/driver/status/ HTTP/1.1" 200 53
INFO 2025-08-09 20:04:26,837 basehttp 42245 123145501876224 "POST /api/v1/auth/logout/ HTTP/1.1" 200 50
INFO 2025-08-09 20:04:45,251 basehttp 42245 123145501876224 "POST /admin/api/userdriver/ HTTP/1.1" 200 27363
INFO 2025-08-09 20:04:45,301 basehttp 42245 123145501876224 "GET /static/admin/js/cancel.js HTTP/1.1" 304 0
INFO 2025-08-09 20:04:46,603 basehttp 42245 123145501876224 "POST /admin/api/userdriver/ HTTP/1.1" 302 0
INFO 2025-08-09 20:04:46,632 basehttp 42245 123145501876224 "GET /admin/api/userdriver/ HTTP/1.1" 200 31691
INFO 2025-08-09 20:04:46,657 basehttp 42245 123145501876224 "GET /admin/jsi18n/ HTTP/1.1" 200 3342
INFO 2025-08-09 20:04:49,004 basehttp 42245 123145501876224 "GET /admin/api/vehicle/ HTTP/1.1" 200 36039
INFO 2025-08-09 20:04:49,025 basehttp 42245 123145501876224 "GET /admin/jsi18n/ HTTP/1.1" 200 3342
INFO 2025-08-09 20:04:51,025 basehttp 42245 123145501876224 "GET /admin/api/vehicle/ HTTP/1.1" 200 36039
INFO 2025-08-09 20:04:51,046 basehttp 42245 123145501876224 "GET /admin/jsi18n/ HTTP/1.1" 200 3342
INFO 2025-08-09 20:04:54,811 basehttp 42245 123145501876224 "GET /admin/api/document/ HTTP/1.1" 200 38481
INFO 2025-08-09 20:04:54,832 basehttp 42245 123145501876224 "GET /admin/jsi18n/ HTTP/1.1" 200 3342
INFO 2025-08-09 20:04:54,834 basehttp 42245 123145518665728 "GET /static/admin/img/icon-yes.svg HTTP/1.1" 304 0
INFO 2025-08-09 20:04:59,535 basehttp 42245 123145518665728 "POST /admin/api/document/ HTTP/1.1" 200 27610
INFO 2025-08-09 20:05:00,833 basehttp 42245 123145518665728 "POST /admin/api/document/ HTTP/1.1" 302 0
INFO 2025-08-09 20:05:00,856 basehttp 42245 123145518665728 "GET /admin/api/document/ HTTP/1.1" 200 30916
INFO 2025-08-09 20:05:00,876 basehttp 42245 123145518665728 "GET /admin/jsi18n/ HTTP/1.1" 200 3342
INFO 2025-08-09 20:06:29,430 nexah_service 42245 123145535455232 Sending SMS to +237658895572
INFO 2025-08-09 20:06:31,095 nexah_service 42245 123145535455232 Nexah API response: 200
INFO 2025-08-09 20:06:31,096 otp 42245 123145535455232 OTP send result for +237658895572: {'success': True, 'message': 'SMS sent successfully!', 'data': {'responsecode': 1, 'responsedescription': 'success', 'responsemessage': 'success', 'sms': [{'status': 'success', 'smsclientid': 'smpp.ocm.6897aa46d6ce2e072991fc3a', 'messageid': 'smpp.ocm.8eaba34b-093c-49e6-b341-3f1f19e137af', 'mobileno': '237658895572', 'errorcode': None, 'errordescription': None, 'total_sms_unit': 1, 'balance': 788}]}}
INFO 2025-08-09 20:06:31,097 basehttp 42245 123145535455232 "POST /api/v1/auth/generate-otp/ HTTP/1.1" 200 132
INFO 2025-08-09 20:06:49,754 basehttp 42245 123145535455232 "POST /api/v1/auth/verify-otp/ HTTP/1.1" 200 65
INFO 2025-08-09 20:06:51,080 basehttp 42245 123145535455232 "POST /api/v1/auth/register/driver/ HTTP/1.1" 201 381
INFO 2025-08-09 20:06:52,574 basehttp 42245 123145552781312 "POST /api/v1/auth/login/ HTTP/1.1" 200 262
INFO 2025-08-09 20:07:04,879 basehttp 42245 123145535455232 "POST /api/v1/documents/import/ HTTP/1.1" 201 526
INFO 2025-08-09 20:07:05,300 basehttp 42245 123145535455232 "GET /api/v1/vehicles/configs/types/ HTTP/1.1" 200 318
INFO 2025-08-09 20:07:05,303 basehttp 42245 123145552781312 "GET /api/v1/vehicles/configs/brands/ HTTP/1.1" 200 154
INFO 2025-08-09 20:07:05,305 basehttp 42245 123145569570816 "GET /api/v1/vehicles/configs/models/ HTTP/1.1" 200 210
INFO 2025-08-09 20:07:05,308 basehttp 42245 123145586360320 "GET /api/v1/vehicles/configs/colors/ HTTP/1.1" 200 269
INFO 2025-08-09 20:08:04,644 basehttp 42245 123145535455232 "POST /api/v1/vehicles/create/ HTTP/1.1" 201 1050
INFO 2025-08-09 20:08:18,942 basehttp 42245 123145535455232 "POST /api/v1/documents/import/ HTTP/1.1" 201 530
INFO 2025-08-09 20:08:19,046 basehttp 42245 123145535455232 "POST /api/v1/documents/import/ HTTP/1.1" 201 515
INFO 2025-08-09 20:08:24,404 basehttp 42245 123145535455232 "GET /api/v1/order/driver/status/ HTTP/1.1" 200 53
INFO 2025-08-09 20:08:37,641 basehttp 42245 123145501876224 "GET /admin/api/userdriver/ HTTP/1.1" 200 37514
INFO 2025-08-09 20:08:37,669 basehttp 42245 123145518665728 "GET /media/profile_pictures/driver/18/woila_profile_1754769984647.jpg HTTP/1.1" 200 62050
INFO 2025-08-09 20:08:37,670 basehttp 42245 123145501876224 "GET /admin/jsi18n/ HTTP/1.1" 200 3342
INFO 2025-08-09 20:15:58,157 basehttp 42245 123145501876224 "POST /api/v1/auth/token/verify/ HTTP/1.1" 200 263
INFO 2025-08-09 20:16:03,902 basehttp 42245 123145501876224 "POST /api/v1/auth/token/verify/ HTTP/1.1" 200 263
INFO 2025-08-09 20:16:16,760 basehttp 42245 123145501876224 "GET /api/v1/order/driver/status/ HTTP/1.1" 200 53
INFO 2025-08-09 20:16:27,778 basehttp 42245 123145501876224 "POST /api/v1/auth/logout/ HTTP/1.1" 200 50
INFO 2025-08-09 20:16:42,864 basehttp 42245 123145501876224 "POST /api/v1/auth/login/ HTTP/1.1" 200 262
INFO 2025-08-09 20:16:43,138 basehttp 42245 123145501876224 "GET /api/v1/profiles/driver/18/ HTTP/1.1" 200 403
INFO 2025-08-09 20:16:47,862 basehttp 42245 123145501876224 "GET /api/v1/order/driver/status/ HTTP/1.1" 200 53
INFO 2025-08-09 20:17:12,020 basehttp 42245 123145501876224 "GET /media/profile_pictures/driver/18/woila_profile_1754769984647.jpg HTTP/1.1" 200 62050
INFO 2025-08-09 20:17:14,983 basehttp 42245 123145518665728 "GET /api/v1/profiles/driver/18/ HTTP/1.1" 200 403
INFO 2025-08-09 20:18:57,033 basehttp 42245 123145501876224 "GET /api/v1/profiles/driver/18/ HTTP/1.1" 200 403
INFO 2025-08-09 20:19:07,120 basehttp 42245 123145501876224 "GET /api/v1/profiles/driver/18/ HTTP/1.1" 200 403
INFO 2025-08-09 20:19:10,700 basehttp 42245 123145501876224 "GET /admin/api/userdriver/ HTTP/1.1" 200 37514
INFO 2025-08-09 20:19:10,745 basehttp 42245 123145518665728 "GET /media/profile_pictures/driver/18/woila_profile_1754769984647.jpg HTTP/1.1" 304 0
INFO 2025-08-09 20:19:10,760 basehttp 42245 123145501876224 "GET /admin/jsi18n/ HTTP/1.1" 200 3342
INFO 2025-08-09 20:19:11,881 basehttp 42245 123145501876224 "GET /admin/api/userdriver/ HTTP/1.1" 200 37514
INFO 2025-08-09 20:19:11,901 basehttp 42245 123145501876224 "GET /admin/jsi18n/ HTTP/1.1" 200 3342
INFO 2025-08-09 20:20:24,129 autoreload 42245 140704327262976 /Users/boussastevejunior/Desktop/Dev/Personal/WOILA/BackendV2/woila_backend/api/viewsets/register.py changed, reloading.
INFO 2025-08-09 20:20:24,992 autoreload 70020 140704327262976 Watching for file changes with StatReloader
INFO 2025-08-09 20:20:28,638 autoreload 70020 140704327262976 /Users/boussastevejunior/Desktop/Dev/Personal/WOILA/BackendV2/woila_backend/api/viewsets/register.py changed, reloading.
INFO 2025-08-09 20:20:29,079 autoreload 70054 140704327262976 Watching for file changes with StatReloader
INFO 2025-08-09 20:20:30,732 autoreload 70054 140704327262976 /Users/boussastevejunior/Desktop/Dev/Personal/WOILA/BackendV2/woila_backend/api/viewsets/register.py changed, reloading.
INFO 2025-08-09 20:20:31,211 autoreload 70072 140704327262976 Watching for file changes with StatReloader
INFO 2025-08-09 20:20:36,907 autoreload 70072 140704327262976 /Users/boussastevejunior/Desktop/Dev/Personal/WOILA/BackendV2/woila_backend/api/viewsets/register.py changed, reloading.
INFO 2025-08-09 20:20:37,433 autoreload 70125 140704327262976 Watching for file changes with StatReloader
INFO 2025-08-09 20:20:38,955 autoreload 70125 140704327262976 /Users/boussastevejunior/Desktop/Dev/Personal/WOILA/BackendV2/woila_backend/api/viewsets/register.py changed, reloading.
INFO 2025-08-09 20:20:39,466 autoreload 70139 140704327262976 Watching for file changes with StatReloader
INFO 2025-08-09 20:27:37,230 basehttp 70139 123145572036608 "GET /api/docs/swagger/ HTTP/1.1" 200 4651
INFO 2025-08-09 20:27:37,562 basehttp 70139 123145572036608 "GET /api/schema/ HTTP/1.1" 200 111487
INFO 2025-08-09 20:28:47,031 basehttp 70139 123145572036608 "GET /api/v1/profiles/drivers/ HTTP/1.1" 200 411
INFO 2025-08-09 20:29:26,250 basehttp 70139 123145588826112 "GET /api/v1/profiles/driver/18/ HTTP/1.1" 200 403
INFO 2025-08-09 20:29:42,964 basehttp 70139 123145588826112 "GET /api/v1/profiles/driver/18/ HTTP/1.1" 200 403
INFO 2025-08-09 20:29:52,101 basehttp 70139 123145588826112 "POST /api/v1/auth/token/verify/ HTTP/1.1" 200 263
INFO 2025-08-09 20:29:54,020 basehttp 70139 123145588826112 "POST /api/v1/auth/token/verify/ HTTP/1.1" 200 263
INFO 2025-08-09 20:29:56,853 basehttp 70139 123145588826112 "GET /media/profile_pictures/driver/18/woila_profile_1754769984647.jpg HTTP/1.1" 200 62050
INFO 2025-08-09 20:29:58,994 basehttp 70139 123145605615616 "GET /api/v1/profiles/driver/18/ HTTP/1.1" 200 403
INFO 2025-08-09 20:29:59,287 basehttp 70139 123145622405120 "GET /api/v1/order/driver/status/ HTTP/1.1" 200 53
INFO 2025-08-09 20:30:50,555 basehttp 70139 123145572036608 "PUT /api/v1/profiles/driver/18/ HTTP/1.1" 200 454
INFO 2025-08-09 20:30:57,501 basehttp 70139 123145572036608 "GET /admin/api/userdriver/ HTTP/1.1" 200 37524
INFO 2025-08-09 20:30:57,530 basehttp 70139 123145572036608 "GET /admin/jsi18n/ HTTP/1.1" 200 3342
INFO 2025-08-09 20:30:57,542 basehttp 70139 123145572036608 "GET /media/profile_pictures/driver/18/woila_profile_1754769984647.jpg HTTP/1.1" 304 0
INFO 2025-08-09 20:31:08,476 basehttp 70139 123145572036608 "POST /api/v1/auth/token/verify/ HTTP/1.1" 200 268
INFO 2025-08-09 20:31:10,413 basehttp 70139 123145572036608 "POST /api/v1/auth/token/verify/ HTTP/1.1" 200 268
INFO 2025-08-09 20:31:15,479 basehttp 70139 123145572036608 "GET /api/v1/order/driver/status/ HTTP/1.1" 200 53
INFO 2025-08-09 20:31:16,944 basehttp 70139 123145572036608 "GET /media/profile_pictures/driver/18/woila_profile_1754769984647.jpg HTTP/1.1" 200 62050
INFO 2025-08-09 20:31:18,960 basehttp 70139 123145588826112 "GET /api/v1/profiles/driver/18/ HTTP/1.1" 200 408
INFO 2025-08-09 20:33:35,882 basehttp 70139 123145572036608 "GET /admin/api/vehicletype/ HTTP/1.1" 200 33326
INFO 2025-08-09 20:33:35,906 basehttp 70139 123145572036608 "GET /admin/jsi18n/ HTTP/1.1" 200 3342
INFO 2025-08-09 20:33:42,669 basehttp 70139 123145572036608 "GET /admin/api/vehicletype/1/change/ HTTP/1.1" 200 31011
INFO 2025-08-09 20:33:42,694 basehttp 70139 123145572036608 "GET /admin/jsi18n/ HTTP/1.1" 200 3342
INFO 2025-08-09 20:33:46,719 basehttp 70139 123145572036608 "GET /admin/api/vehicletype/ HTTP/1.1" 200 33326
INFO 2025-08-09 20:33:46,743 basehttp 70139 123145572036608 "GET /admin/jsi18n/ HTTP/1.1" 200 3342
INFO 2025-08-09 20:33:53,339 basehttp 70139 123145572036608 "GET /admin/api/userdriver/ HTTP/1.1" 200 37524
INFO 2025-08-09 20:33:53,360 basehttp 70139 123145588826112 "GET /media/profile_pictures/driver/18/woila_profile_1754769984647.jpg HTTP/1.1" 304 0
INFO 2025-08-09 20:33:53,364 basehttp 70139 123145572036608 "GET /admin/jsi18n/ HTTP/1.1" 200 3342
INFO 2025-08-09 20:36:57,262 basehttp 70139 123145605615616 "GET /api/v1/profiles/driver/18/ HTTP/1.1" 200 408
WARNING 2025-08-09 20:56:55,332 log 70139 123145572036608 Bad Request: /api/v1/auth/login/
WARNING 2025-08-09 20:56:55,337 basehttp 70139 123145572036608 "POST /api/v1/auth/login/ HTTP/1.1" 400 85
WARNING 2025-08-09 20:56:59,344 log 70139 123145572036608 Bad Request: /api/v1/auth/login/
WARNING 2025-08-09 20:56:59,345 basehttp 70139 123145572036608 "POST /api/v1/auth/login/ HTTP/1.1" 400 85
INFO 2025-08-09 20:57:11,439 basehttp 70139 123145572036608 "GET /admin/api/userdriver/18/change/ HTTP/1.1" 200 65055
INFO 2025-08-09 20:57:11,505 basehttp 70139 123145572036608 "GET /admin/jsi18n/ HTTP/1.1" 200 3342
INFO 2025-08-09 20:57:19,364 basehttp 70139 123145572036608 "POST /admin/api/userdriver/18/change/ HTTP/1.1" 302 0
INFO 2025-08-09 20:57:19,392 basehttp 70139 123145572036608 "GET /admin/api/userdriver/ HTTP/1.1" 200 38119
INFO 2025-08-09 20:57:19,418 basehttp 70139 123145588826112 "GET /media/profile_pictures/driver/18/woila_profile_1754769984647.jpg HTTP/1.1" 304 0
INFO 2025-08-09 20:57:19,422 basehttp 70139 123145572036608 "GET /admin/jsi18n/ HTTP/1.1" 200 3342
INFO 2025-08-09 20:57:25,071 basehttp 70139 123145605615616 "POST /api/v1/auth/login/ HTTP/1.1" 200 267
INFO 2025-08-09 20:57:25,350 basehttp 70139 123145605615616 "GET /api/v1/profiles/driver/18/ HTTP/1.1" 200 408
INFO 2025-08-09 20:57:35,261 basehttp 70139 123145605615616 "GET /api/v1/order/driver/status/ HTTP/1.1" 200 53
INFO 2025-08-09 20:57:43,891 basehttp 70139 123145605615616 "GET /media/profile_pictures/driver/18/woila_profile_1754769984647.jpg HTTP/1.1" 200 62050
INFO 2025-08-09 20:57:49,285 basehttp 70139 123145622405120 "GET /api/v1/profiles/driver/18/ HTTP/1.1" 200 408
INFO 2025-08-09 20:57:54,043 basehttp 70139 123145622405120 "GET /api/v1/order/driver/status/ HTTP/1.1" 200 53
INFO 2025-08-09 20:57:57,621 basehttp 70139 123145622405120 "GET /api/v1/order/driver/status/ HTTP/1.1" 200 53
INFO 2025-08-09 20:58:21,572 basehttp 70139 123145605615616 "PUT /api/v1/profiles/driver/18/ HTTP/1.1" 200 461
INFO 2025-08-09 20:58:21,644 basehttp 70139 123145622405120 "GET /media/profile_pictures/driver/18/woila_profile_1754773078231.jpg HTTP/1.1" 200 36636
INFO 2025-08-09 20:58:27,302 basehttp 70139 123145605615616 "GET /api/v1/profiles/driver/18/ HTTP/1.1" 200 410
INFO 2025-08-09 20:58:43,480 basehttp 70139 123145605615616 "POST /api/v1/order/driver/status/toggle/ HTTP/1.1" 200 106
INFO 2025-08-09 20:58:48,159 basehttp 70139 123145605615616 "POST /api/v1/order/driver/status/toggle/ HTTP/1.1" 200 109
INFO 2025-08-09 20:58:54,322 basehttp 70139 123145605615616 "POST /api/v1/order/driver/status/toggle/ HTTP/1.1" 200 106
INFO 2025-08-09 20:58:58,127 basehttp 70139 123145605615616 "POST /api/v1/order/driver/status/toggle/ HTTP/1.1" 200 109
INFO 2025-08-09 21:00:37,723 basehttp 70139 123145605615616 "GET /api/v1/profiles/driver/18/ HTTP/1.1" 200 410
INFO 2025-08-09 21:00:50,329 basehttp 70139 123145605615616 "PUT /api/v1/profiles/driver/18/ HTTP/1.1" 200 458
INFO 2025-08-09 21:00:58,053 basehttp 70139 123145605615616 "GET /api/v1/profiles/driver/18/ HTTP/1.1" 200 407
INFO 2025-08-09 21:01:01,792 basehttp 70139 123145572036608 "GET /admin/api/userdriver/ HTTP/1.1" 200 37522
INFO 2025-08-09 21:01:01,816 basehttp 70139 123145588826112 "GET /media/profile_pictures/driver/18/woila_profile_1754773078231.jpg HTTP/1.1" 200 36636
INFO 2025-08-09 21:01:01,818 basehttp 70139 123145572036608 "GET /admin/jsi18n/ HTTP/1.1" 200 3342
INFO 2025-08-09 21:01:23,012 basehttp 70139 123145605615616 "POST /api/v1/auth/token/verify/ HTTP/1.1" 200 267
INFO 2025-08-09 21:01:24,969 basehttp 70139 123145605615616 "POST /api/v1/auth/token/verify/ HTTP/1.1" 200 267
INFO 2025-08-09 21:01:31,089 basehttp 70139 123145605615616 "GET /api/v1/order/driver/status/ HTTP/1.1" 200 141
INFO 2025-08-09 21:10:03,760 basehttp 70139 123145572036608 "POST /api/v1/auth/login/ HTTP/1.1" 200 266
INFO 2025-08-09 21:10:05,016 basehttp 70139 123145572036608 "GET /api/v1/profiles/driver/18/ HTTP/1.1" 200 407
INFO 2025-08-09 21:11:59,217 basehttp 70139 123145572036608 "GET /api/docs/swagger HTTP/1.1" 301 0
INFO 2025-08-09 21:11:59,233 basehttp 70139 123145588826112 "GET /api/docs/swagger/ HTTP/1.1" 200 4651
INFO 2025-08-09 21:11:59,582 basehttp 70139 123145588826112 "GET /api/schema/ HTTP/1.1" 200 111487
INFO 2025-08-09 21:12:40,126 basehttp 70139 123145572036608 "GET /api/v1/order/driver/status/ HTTP/1.1" 200 141
INFO 2025-08-09 21:15:59,538 basehttp 70139 123145572036608 "POST /api/v1/auth/token/verify/ HTTP/1.1" 200 267
INFO 2025-08-09 21:16:01,479 basehttp 70139 123145572036608 "POST /api/v1/auth/token/verify/ HTTP/1.1" 200 267
INFO 2025-08-09 21:16:06,848 basehttp 70139 123145572036608 "GET /api/v1/order/driver/status/ HTTP/1.1" 200 141
INFO 2025-08-09 21:16:40,122 basehttp 70139 123145572036608 "POST /api/v1/auth/token/verify/ HTTP/1.1" 200 267
INFO 2025-08-09 21:16:42,040 basehttp 70139 123145572036608 "POST /api/v1/auth/token/verify/ HTTP/1.1" 200 267
INFO 2025-08-09 21:16:44,483 basehttp 70139 123145572036608 "GET /api/v1/order/driver/status/ HTTP/1.1" 200 141
INFO 2025-08-09 21:23:44,661 basehttp 70139 123145572036608 "POST /api/v1/auth/token/verify/ HTTP/1.1" 200 267
INFO 2025-08-09 21:23:46,587 basehttp 70139 123145572036608 "POST /api/v1/auth/token/verify/ HTTP/1.1" 200 267
INFO 2025-08-09 21:23:51,891 basehttp 70139 123145572036608 "GET /api/v1/order/driver/status/ HTTP/1.1" 200 141
INFO 2025-08-09 21:23:52,765 basehttp 70139 123145572036608 "POST /api/v1/order/driver/status/toggle/ HTTP/1.1" 200 106
INFO 2025-08-09 21:23:58,883 basehttp 70139 123145572036608 "POST /api/v1/order/driver/status/toggle/ HTTP/1.1" 200 109
INFO 2025-08-09 21:24:01,669 basehttp 70139 123145572036608 "GET /media/profile_pictures/driver/18/woila_profile_1754773078231.jpg HTTP/1.1" 200 36636
INFO 2025-08-09 21:25:07,971 basehttp 70139 123145572036608 "POST /api/v1/order/driver/status/toggle/ HTTP/1.1" 200 106
INFO 2025-08-09 21:25:17,702 basehttp 70139 123145572036608 "POST /api/v1/order/driver/status/toggle/ HTTP/1.1" 200 109
INFO 2025-08-09 21:25:23,211 basehttp 70139 123145572036608 "POST /api/v1/order/driver/status/toggle/ HTTP/1.1" 200 106
INFO 2025-08-09 21:25:26,015 basehttp 70139 123145572036608 "POST /api/v1/order/driver/status/toggle/ HTTP/1.1" 200 109
INFO 2025-08-09 21:26:28,249 basehttp 70139 123145572036608 "POST /api/v1/order/driver/status/toggle/ HTTP/1.1" 200 106
INFO 2025-08-09 21:26:34,980 basehttp 70139 123145572036608 "POST /api/v1/order/driver/status/toggle/ HTTP/1.1" 200 109
INFO 2025-08-09 21:30:26,443 basehttp 70139 123145572036608 "POST /api/v1/auth/token/verify/ HTTP/1.1" 200 267
INFO 2025-08-09 21:30:28,372 basehttp 70139 123145572036608 "POST /api/v1/auth/token/verify/ HTTP/1.1" 200 267
INFO 2025-08-09 21:30:33,120 basehttp 70139 123145572036608 "GET /media/profile_pictures/driver/18/woila_profile_1754773078231.jpg HTTP/1.1" 200 36636
INFO 2025-08-09 21:30:33,623 basehttp 70139 123145588826112 "GET /api/v1/order/driver/status/ HTTP/1.1" 200 141
INFO 2025-08-09 21:32:50,102 basehttp 70139 123145572036608 "POST /api/v1/auth/token/verify/ HTTP/1.1" 200 267
INFO 2025-08-09 21:32:52,035 basehttp 70139 123145572036608 "POST /api/v1/auth/token/verify/ HTTP/1.1" 200 267
INFO 2025-08-09 21:32:57,592 basehttp 70139 123145572036608 "GET /api/v1/order/driver/status/ HTTP/1.1" 200 141
INFO 2025-08-09 21:33:00,105 basehttp 70139 123145572036608 "GET /media/profile_pictures/driver/18/woila_profile_1754773078231.jpg HTTP/1.1" 200 36636
INFO 2025-08-09 21:33:15,559 basehttp 70139 123145572036608 "GET /api/v1/profiles/driver/18/ HTTP/1.1" 200 407
INFO 2025-08-09 21:33:30,407 basehttp 70139 123145572036608 "POST /api/v1/order/driver/status/toggle/ HTTP/1.1" 200 106
INFO 2025-08-09 21:34:33,879 basehttp 70139 123145572036608 "GET /api/v1/order/driver/status/ HTTP/1.1" 200 140
INFO 2025-08-09 21:35:31,280 basehttp 70139 123145572036608 "GET /api/v1/order/driver/status/ HTTP/1.1" 200 140
INFO 2025-08-09 21:36:29,397 basehttp 70139 123145572036608 "POST /api/v1/order/driver/status/toggle/ HTTP/1.1" 200 109
INFO 2025-08-09 21:36:38,176 basehttp 70139 123145572036608 "POST /api/v1/order/driver/status/toggle/ HTTP/1.1" 200 106
INFO 2025-08-09 21:36:40,022 basehttp 70139 123145572036608 "POST /api/v1/order/driver/status/toggle/ HTTP/1.1" 200 109
INFO 2025-08-09 21:39:17,514 basehttp 70139 123145572036608 "POST /api/v1/auth/login/ HTTP/1.1" 200 266
INFO 2025-08-09 21:39:17,873 basehttp 70139 123145572036608 "GET /api/v1/profiles/driver/18/ HTTP/1.1" 200 407
INFO 2025-08-09 21:39:28,183 basehttp 70139 123145572036608 "GET /api/v1/order/driver/status/ HTTP/1.1" 200 141
INFO 2025-08-09 21:39:32,402 basehttp 70139 123145572036608 "POST /api/v1/order/driver/status/toggle/ HTTP/1.1" 200 106
INFO 2025-08-09 21:39:37,028 basehttp 70139 123145572036608 "POST /api/v1/order/driver/status/toggle/ HTTP/1.1" 200 109
INFO 2025-08-09 21:43:01,658 basehttp 70139 123145572036608 "POST /api/v1/auth/login/ HTTP/1.1" 200 266
INFO 2025-08-09 21:43:02,113 basehttp 70139 123145572036608 "GET /api/v1/profiles/driver/18/ HTTP/1.1" 200 407
INFO 2025-08-09 21:43:11,417 basehttp 70139 123145572036608 "GET /api/v1/order/driver/status/ HTTP/1.1" 200 141
INFO 2025-08-09 21:43:28,458 basehttp 70139 123145572036608 "GET /api/v1/order/driver/status/ HTTP/1.1" 200 141
INFO 2025-08-09 21:43:29,799 basehttp 70139 123145572036608 "GET /media/profile_pictures/driver/18/woila_profile_1754773078231.jpg HTTP/1.1" 200 36636
INFO 2025-08-09 21:43:49,234 basehttp 70139 123145572036608 "GET /api/v1/profiles/driver/18/ HTTP/1.1" 200 407
INFO 2025-08-09 21:44:00,320 basehttp 70139 123145572036608 "GET /api/v1/order/driver/status/ HTTP/1.1" 200 141
INFO 2025-08-09 21:44:02,569 basehttp 70139 123145572036608 "POST /api/v1/order/driver/status/toggle/ HTTP/1.1" 200 106
INFO 2025-08-09 21:44:26,157 basehttp 70139 123145572036608 "POST /api/v1/order/driver/status/toggle/ HTTP/1.1" 200 109
INFO 2025-08-09 21:44:28,581 basehttp 70139 123145572036608 "POST /api/v1/order/driver/status/toggle/ HTTP/1.1" 200 106
INFO 2025-08-09 21:44:38,271 basehttp 70139 123145572036608 "GET /api/v1/order/driver/status/ HTTP/1.1" 200 140
INFO 2025-08-09 21:45:28,991 basehttp 70139 123145572036608 "GET /api/v1/order/driver/status/ HTTP/1.1" 200 140
INFO 2025-08-09 21:46:30,301 basehttp 70139 123145572036608 "GET /api/v1/order/driver/status/ HTTP/1.1" 200 140
INFO 2025-08-09 21:46:34,155 basehttp 70139 123145572036608 "GET /api/v1/order/driver/status/ HTTP/1.1" 200 140
INFO 2025-08-09 21:47:07,617 basehttp 70139 123145572036608 "POST /api/v1/auth/token/verify/ HTTP/1.1" 200 267
INFO 2025-08-09 21:47:11,065 basehttp 70139 123145572036608 "POST /api/v1/auth/token/verify/ HTTP/1.1" 200 267
INFO 2025-08-09 21:47:16,759 basehttp 70139 123145572036608 "GET /api/v1/order/driver/status/ HTTP/1.1" 200 140
INFO 2025-08-09 21:47:46,901 basehttp 70139 123145572036608 "POST /api/v1/order/driver/status/toggle/ HTTP/1.1" 200 109
INFO 2025-08-09 21:48:11,401 basehttp 70139 123145572036608 "POST /api/v1/order/driver/status/toggle/ HTTP/1.1" 200 106
INFO 2025-08-09 21:48:43,654 basehttp 70139 123145572036608 "POST /api/v1/order/driver/status/toggle/ HTTP/1.1" 200 109
INFO 2025-08-09 21:48:57,968 basehttp 70139 123145572036608 "POST /api/v1/order/driver/status/toggle/ HTTP/1.1" 200 106
INFO 2025-08-09 21:49:24,827 basehttp 70139 123145572036608 "POST /api/v1/order/driver/status/toggle/ HTTP/1.1" 200 109
INFO 2025-08-09 21:49:55,651 basehttp 70139 123145572036608 "GET /api/v1/order/driver/status/ HTTP/1.1" 200 141
INFO 2025-08-09 21:50:18,171 basehttp 70139 123145572036608 "POST /api/v1/auth/token/verify/ HTTP/1.1" 200 267
INFO 2025-08-09 21:50:20,422 basehttp 70139 123145572036608 "POST /api/v1/auth/token/verify/ HTTP/1.1" 200 267
INFO 2025-08-09 21:50:24,078 basehttp 70139 123145572036608 "GET /api/v1/order/driver/status/ HTTP/1.1" 200 141
INFO 2025-08-09 21:50:58,430 basehttp 70139 123145572036608 "POST /api/v1/auth/token/verify/ HTTP/1.1" 200 267
INFO 2025-08-09 21:51:00,664 basehttp 70139 123145572036608 "POST /api/v1/auth/token/verify/ HTTP/1.1" 200 267
INFO 2025-08-09 21:51:03,747 basehttp 70139 123145572036608 "GET /api/v1/order/driver/status/ HTTP/1.1" 200 141
INFO 2025-08-09 21:51:05,977 basehttp 70139 123145572036608 "POST /api/v1/order/driver/status/toggle/ HTTP/1.1" 200 106
INFO 2025-08-09 21:51:11,085 basehttp 70139 123145572036608 "POST /api/v1/order/driver/status/toggle/ HTTP/1.1" 200 109
INFO 2025-08-09 21:51:16,738 basehttp 70139 123145572036608 "GET /media/profile_pictures/driver/18/woila_profile_1754773078231.jpg HTTP/1.1" 200 36636
INFO 2025-08-09 21:57:44,258 basehttp 70139 123145572036608 "GET /api/v1/order/driver/status/ HTTP/1.1" 200 141
INFO 2025-08-09 21:57:44,338 basehttp 70139 123145572036608 "POST /api/v1/order/driver/status/offline/ HTTP/1.1" 200 65
INFO 2025-08-09 21:58:37,569 basehttp 70139 123145572036608 "GET /api/v1/order/driver/status/ HTTP/1.1" 200 141
INFO 2025-08-09 22:00:40,358 basehttp 70139 123145572036608 "GET /api/v1/order/driver/status/ HTTP/1.1" 200 141
INFO 2025-08-09 22:00:40,394 basehttp 70139 123145572036608 "POST /api/v1/order/driver/status/offline/ HTTP/1.1" 200 65
INFO 2025-08-09 22:25:04,960 basehttp 70139 123145572036608 "POST /api/v1/auth/token/verify/ HTTP/1.1" 200 267
INFO 2025-08-09 22:25:06,893 basehttp 70139 123145572036608 "POST /api/v1/auth/token/verify/ HTTP/1.1" 200 267
INFO 2025-08-09 22:25:12,458 basehttp 70139 123145572036608 "GET /api/v1/order/driver/status/ HTTP/1.1" 200 141
INFO 2025-08-09 22:25:24,058 basehttp 70139 123145572036608 "POST /api/v1/order/driver/status/toggle/ HTTP/1.1" 200 106
INFO 2025-08-09 22:26:20,165 basehttp 70139 123145572036608 "POST /api/v1/auth/token/verify/ HTTP/1.1" 200 267
INFO 2025-08-09 22:26:22,424 basehttp 70139 123145572036608 "POST /api/v1/auth/token/verify/ HTTP/1.1" 200 267
INFO 2025-08-09 22:26:25,599 basehttp 70139 123145572036608 "GET /api/v1/order/driver/status/ HTTP/1.1" 200 140
INFO 2025-08-09 22:26:48,336 basehttp 70139 123145572036608 "POST /api/v1/order/driver/status/toggle/ HTTP/1.1" 200 109
INFO 2025-08-09 22:30:59,137 basehttp 70139 123145572036608 "GET /media/profile_pictures/driver/18/woila_profile_1754773078231.jpg HTTP/1.1" 200 36636
INFO 2025-08-09 22:32:28,066 basehttp 70139 123145572036608 "POST /api/v1/auth/token/verify/ HTTP/1.1" 200 267
INFO 2025-08-09 22:32:30,262 basehttp 70139 123145572036608 "POST /api/v1/auth/token/verify/ HTTP/1.1" 200 267
INFO 2025-08-09 22:32:36,278 basehttp 70139 123145572036608 "GET /api/v1/order/driver/status/ HTTP/1.1" 200 141
INFO 2025-08-09 22:33:44,775 basehttp 70139 123145572036608 "POST /api/v1/order/driver/status/toggle/ HTTP/1.1" 200 106
INFO 2025-08-09 22:33:51,672 basehttp 70139 123145572036608 "POST /api/v1/order/driver/status/toggle/ HTTP/1.1" 200 109
INFO 2025-08-09 22:40:16,693 basehttp 70139 123145572036608 "GET /api/v1/order/driver/status/ HTTP/1.1" 200 141
INFO 2025-08-09 22:41:22,738 basehttp 70139 123145572036608 "GET /media/profile_pictures/driver/18/woila_profile_1754773078231.jpg HTTP/1.1" 200 36636
INFO 2025-08-09 22:41:25,388 basehttp 70139 123145588826112 "GET /api/v1/vehicles/?driver_id=18 HTTP/1.1" 200 978
INFO 2025-08-09 22:48:15,745 basehttp 70139 123145572036608 "POST /api/v1/auth/token/verify/ HTTP/1.1" 200 267
INFO 2025-08-09 22:48:17,964 basehttp 70139 123145572036608 "POST /api/v1/auth/token/verify/ HTTP/1.1" 200 267
INFO 2025-08-09 22:48:22,832 basehttp 70139 123145572036608 "GET /api/v1/order/driver/status/ HTTP/1.1" 200 141
INFO 2025-08-09 22:48:40,978 basehttp 70139 123145572036608 "GET /media/profile_pictures/driver/18/woila_profile_1754773078231.jpg HTTP/1.1" 200 36636
INFO 2025-08-09 22:48:43,578 basehttp 70139 123145588826112 "GET /api/v1/vehicles/?driver_id=18 HTTP/1.1" 200 978
INFO 2025-08-09 22:50:47,901 basehttp 70139 123145572036608 "GET /api/v1/order/driver/status/ HTTP/1.1" 200 141
INFO 2025-08-09 22:57:12,413 basehttp 70139 123145572036608 "POST /api/v1/auth/token/verify/ HTTP/1.1" 200 267
INFO 2025-08-09 22:57:14,306 basehttp 70139 123145572036608 "POST /api/v1/auth/token/verify/ HTTP/1.1" 200 267
INFO 2025-08-09 22:57:19,429 basehttp 70139 123145572036608 "GET /api/v1/order/driver/status/ HTTP/1.1" 200 141
INFO 2025-08-09 22:57:25,179 basehttp 70139 123145572036608 "GET /media/profile_pictures/driver/18/woila_profile_1754773078231.jpg HTTP/1.1" 200 36636
INFO 2025-08-09 22:57:29,193 basehttp 70139 123145588826112 "GET /api/v1/vehicles/?driver_id=18 HTTP/1.1" 200 978
INFO 2025-08-09 22:57:30,151 basehttp 70139 123145572036608 "GET /media/vehicles/18/temp/photo_exterieur_1.jpg HTTP/1.1" 200 17193
INFO 2025-08-09 23:02:52,674 basehttp 70139 123145572036608 "GET /api/v1/order/driver/status/ HTTP/1.1" 200 141
INFO 2025-08-09 23:05:47,470 basehttp 70139 123145572036608 "GET /api/v1/vehicles/?driver_id=18 HTTP/1.1" 200 978
INFO 2025-08-09 23:06:06,051 basehttp 70139 123145572036608 "GET /api/v1/vehicles/?driver_id=18 HTTP/1.1" 200 978
INFO 2025-08-09 23:06:08,930 basehttp 70139 123145622405120 "GET /api/v1/vehicles/configs/models/ HTTP/1.1" 200 210
INFO 2025-08-09 23:06:08,936 basehttp 70139 123145605615616 "GET /api/v1/vehicles/configs/brands/ HTTP/1.1" 200 154
INFO 2025-08-09 23:06:08,938 basehttp 70139 123145588826112 "GET /api/v1/vehicles/configs/types/ HTTP/1.1" 200 318
INFO 2025-08-09 23:06:08,938 basehttp 70139 123145639194624 "GET /api/v1/vehicles/configs/colors/ HTTP/1.1" 200 269
INFO 2025-08-09 23:06:29,582 basehttp 70139 123145572036608 "GET /admin/api/vehicle/ HTTP/1.1" 200 42376
INFO 2025-08-09 23:06:29,645 basehttp 70139 123145572036608 "GET /static/vendor/fontawesome-free/css/all.min.css HTTP/1.1" 304 0
INFO 2025-08-09 23:06:29,649 basehttp 70139 123145622405120 "GET /static/jazzmin/css/main.css HTTP/1.1" 304 0
INFO 2025-08-09 23:06:29,652 basehttp 70139 123145605615616 "GET /static/vendor/adminlte/css/adminlte.min.css HTTP/1.1" 304 0
INFO 2025-08-09 23:06:29,659 basehttp 70139 123145639194624 "GET /static/vendor/bootswatch/darkly/bootstrap.min.css HTTP/1.1" 304 0
INFO 2025-08-09 23:06:29,659 basehttp 70139 123145572036608 "GET /static/admin/js/vendor/jquery/jquery.js HTTP/1.1" 304 0
INFO 2025-08-09 23:06:29,660 basehttp 70139 123145605615616 "GET /static/admin/js/core.js HTTP/1.1" 304 0
INFO 2025-08-09 23:06:29,667 basehttp 70139 123145655984128 "GET /static/vendor/select2/css/select2.min.css HTTP/1.1" 304 0
INFO 2025-08-09 23:06:29,667 basehttp 70139 123145622405120 "GET /static/admin/js/jquery.init.js HTTP/1.1" 304 0
INFO 2025-08-09 23:06:29,672 basehttp 70139 123145639194624 "GET /static/admin/js/admin/RelatedObjectLookups.js HTTP/1.1" 304 0
INFO 2025-08-09 23:06:29,672 basehttp 70139 123145605615616 "GET /static/admin/js/prepopulate.js HTTP/1.1" 304 0
INFO 2025-08-09 23:06:29,672 basehttp 70139 123145572036608 "GET /static/admin/js/actions.js HTTP/1.1" 304 0
INFO 2025-08-09 23:06:29,674 basehttp 70139 123145655984128 "GET /static/admin/js/urlify.js HTTP/1.1" 304 0
INFO 2025-08-09 23:06:29,675 basehttp 70139 123145588826112 "GET /admin/jsi18n/ HTTP/1.1" 200 3342
INFO 2025-08-09 23:06:29,676 basehttp 70139 123145622405120 "GET /static/admin/js/vendor/xregexp/xregexp.js HTTP/1.1" 304 0
INFO 2025-08-09 23:06:29,679 basehttp 70139 123145622405120 "GET /static/vendor/adminlte/img/AdminLTELogo.png HTTP/1.1" 304 0
INFO 2025-08-09 23:06:29,683 basehttp 70139 123145622405120 "GET /static/admin/img/icon-no.svg HTTP/1.1" 304 0
INFO 2025-08-09 23:06:29,695 basehttp 70139 123145622405120 "GET /static/vendor/bootstrap/js/bootstrap.min.js HTTP/1.1" 304 0
INFO 2025-08-09 23:06:29,696 basehttp 70139 123145588826112 "GET /static/vendor/adminlte/js/adminlte.min.js HTTP/1.1" 304 0
INFO 2025-08-09 23:06:29,735 basehttp 70139 123145588826112 "GET /static/jazzmin/js/main.js HTTP/1.1" 304 0
INFO 2025-08-09 23:06:29,737 basehttp 70139 123145622405120 "GET /static/vendor/select2/js/select2.min.js HTTP/1.1" 304 0
INFO 2025-08-09 23:06:29,737 basehttp 70139 123145655984128 "GET /static/jazzmin/js/change_list.js HTTP/1.1" 304 0
INFO 2025-08-09 23:06:29,770 basehttp 70139 123145655984128 "GET /static/vendor/fontawesome-free/webfonts/fa-regular-400.woff2 HTTP/1.1" 304 0
INFO 2025-08-09 23:06:29,770 basehttp 70139 123145622405120 "GET /static/vendor/fontawesome-free/webfonts/fa-solid-900.woff2 HTTP/1.1" 304 0
INFO 2025-08-09 23:06:33,737 basehttp 70139 123145622405120 "GET /admin/api/vehicle/4/change/ HTTP/1.1" 200 54486
INFO 2025-08-09 23:06:33,768 basehttp 70139 123145588826112 "GET /static/admin/css/autocomplete.css HTTP/1.1" 304 0
INFO 2025-08-09 23:06:33,768 basehttp 70139 123145605615616 "GET /static/admin/js/autocomplete.js HTTP/1.1" 304 0
INFO 2025-08-09 23:06:33,769 basehttp 70139 123145572036608 "GET /static/admin/js/vendor/select2/i18n/en.js HTTP/1.1" 304 0
INFO 2025-08-09 23:06:33,770 basehttp 70139 123145639194624 "GET /static/admin/js/vendor/select2/select2.full.js HTTP/1.1" 304 0
INFO 2025-08-09 23:06:33,770 basehttp 70139 123145655984128 "GET /static/admin/css/vendor/select2/select2.css HTTP/1.1" 304 0
INFO 2025-08-09 23:06:33,774 basehttp 70139 123145572036608 "GET /static/admin/js/change_form.js HTTP/1.1" 304 0
INFO 2025-08-09 23:06:33,774 basehttp 70139 123145622405120 "GET /admin/jsi18n/ HTTP/1.1" 200 3342
INFO 2025-08-09 23:06:33,775 basehttp 70139 123145655984128 "GET /static/admin/js/prepopulate_init.js HTTP/1.1" 304 0
INFO 2025-08-09 23:06:33,778 basehttp 70139 123145655984128 "GET /static/jazzmin/js/change_form.js HTTP/1.1" 304 0
INFO 2025-08-09 23:06:33,796 basehttp 70139 123145605615616 "GET /static/jazzmin/js/related-modal.js HTTP/1.1" 304 0
INFO 2025-08-09 23:06:33,797 basehttp 70139 123145639194624 "GET /static/jazzmin/plugins/bootstrap-show-modal/bootstrap-show-modal.min.js HTTP/1.1" 304 0
INFO 2025-08-09 23:06:33,797 basehttp 70139 123145588826112 "GET /static/admin/img/icon-viewlink.svg HTTP/1.1" 304 0
INFO 2025-08-09 23:06:33,797 basehttp 70139 123145572036608 "GET /static/admin/img/icon-addlink.svg HTTP/1.1" 304 0
INFO 2025-08-09 23:06:33,798 basehttp 70139 123145655984128 "GET /static/admin/img/icon-changelink.svg HTTP/1.1" 304 0
INFO 2025-08-09 23:06:33,798 basehttp 70139 123145622405120 "GET /static/admin/img/icon-deletelink.svg HTTP/1.1" 304 0
INFO 2025-08-09 23:06:38,465 basehttp 70139 123145622405120 "POST /admin/api/vehicle/4/change/ HTTP/1.1" 302 0
INFO 2025-08-09 23:06:38,501 basehttp 70139 123145622405120 "GET /admin/api/vehicle/ HTTP/1.1" 200 43000
INFO 2025-08-09 23:06:38,526 basehttp 70139 123145655984128 "GET /static/admin/img/icon-yes.svg HTTP/1.1" 304 0
INFO 2025-08-09 23:06:38,530 basehttp 70139 123145622405120 "GET /admin/jsi18n/ HTTP/1.1" 200 3342
INFO 2025-08-09 23:06:40,692 basehttp 70139 123145672773632 "GET /api/v1/vehicles/?driver_id=18 HTTP/1.1" 200 977
INFO 2025-08-09 23:07:01,665 basehttp 70139 123145622405120 "GET /admin/api/vehicle/4/change/ HTTP/1.1" 200 54495
INFO 2025-08-09 23:07:01,689 basehttp 70139 123145622405120 "GET /admin/jsi18n/ HTTP/1.1" 200 3342
INFO 2025-08-09 23:07:05,818 basehttp 70139 123145622405120 "POST /admin/api/vehicle/4/change/ HTTP/1.1" 302 0
INFO 2025-08-09 23:07:05,847 basehttp 70139 123145622405120 "GET /admin/api/vehicle/ HTTP/1.1" 200 43000
INFO 2025-08-09 23:07:05,876 basehttp 70139 123145622405120 "GET /admin/jsi18n/ HTTP/1.1" 200 3342
INFO 2025-08-09 23:07:07,808 basehttp 70139 123145672773632 "GET /api/v1/vehicles/?driver_id=18 HTTP/1.1" 200 978
INFO 2025-08-09 23:07:21,519 basehttp 70139 123145672773632 "GET /api/v1/vehicles/?driver_id=18 HTTP/1.1" 200 978
INFO 2025-08-09 23:07:33,392 basehttp 70139 123145622405120 "GET /admin/api/vehicle/4/change/ HTTP/1.1" 200 54487
INFO 2025-08-09 23:07:33,417 basehttp 70139 123145622405120 "GET /admin/jsi18n/ HTTP/1.1" 200 3342
INFO 2025-08-09 23:14:35,853 autoreload 70139 140704327262976 /Users/boussastevejunior/Desktop/Dev/Personal/WOILA/BackendV2/woila_backend/api/models.py changed, reloading.
INFO 2025-08-09 23:14:37,725 autoreload 58843 140704327262976 Watching for file changes with StatReloader
INFO 2025-08-09 23:15:25,162 autoreload 58843 140704327262976 /Users/boussastevejunior/Desktop/Dev/Personal/WOILA/BackendV2/woila_backend/api/viewsets/vehicles.py changed, reloading.
INFO 2025-08-09 23:15:26,001 autoreload 59257 140704327262976 Watching for file changes with StatReloader
INFO 2025-08-09 23:15:48,696 autoreload 59257 140704327262976 /Users/boussastevejunior/Desktop/Dev/Personal/WOILA/BackendV2/woila_backend/api/urls.py changed, reloading.
INFO 2025-08-09 23:15:49,488 autoreload 59537 140704327262976 Watching for file changes with StatReloader
INFO 2025-08-09 23:16:09,713 autoreload 59537 140704327262976 /Users/boussastevejunior/Desktop/Dev/Personal/WOILA/BackendV2/woila_backend/api/urls.py changed, reloading.
INFO 2025-08-09 23:16:10,388 autoreload 59727 140704327262976 Watching for file changes with StatReloader
INFO 2025-08-09 23:16:59,029 autoreload 60181 140704327262976 Watching for file changes with StatReloader
INFO 2025-08-09 23:17:52,459 basehttp 60181 123145508249600 "GET /api/docs/swagger/ HTTP/1.1" 200 4651
INFO 2025-08-09 23:17:52,860 basehttp 60181 123145508249600 "GET /api/schema/ HTTP/1.1" 200 114672
INFO 2025-08-09 23:17:59,737 basehttp 60181 123145558618112 "GET /api/v1/vehicles/configs/brands/ HTTP/1.1" 200 154
INFO 2025-08-09 23:17:59,738 basehttp 60181 123145541828608 "GET /api/v1/vehicles/configs/types/ HTTP/1.1" 200 318
INFO 2025-08-09 23:17:59,741 basehttp 60181 123145592197120 "GET /api/v1/vehicles/configs/colors/ HTTP/1.1" 200 269
INFO 2025-08-09 23:17:59,741 basehttp 60181 123145575407616 "GET /api/v1/vehicles/configs/models/ HTTP/1.1" 200 210
INFO 2025-08-09 23:18:03,854 basehttp 60181 123145541828608 "GET /api/v1/vehicles/configs/types/ HTTP/1.1" 200 318
INFO 2025-08-09 23:18:03,857 basehttp 60181 123145558618112 "GET /api/v1/vehicles/configs/brands/ HTTP/1.1" 200 154
INFO 2025-08-09 23:18:03,863 basehttp 60181 123145575407616 "GET /api/v1/vehicles/configs/models/ HTTP/1.1" 200 210
INFO 2025-08-09 23:18:03,865 basehttp 60181 123145592197120 "GET /api/v1/vehicles/configs/colors/ HTTP/1.1" 200 269
INFO 2025-08-09 23:18:39,712 basehttp 60181 123145541828608 "GET /api/v1/order/driver/status/ HTTP/1.1" 200 141
INFO 2025-08-09 23:18:45,644 basehttp 60181 123145541828608 "GET /api/v1/order/driver/status/ HTTP/1.1" 200 141
INFO 2025-08-09 23:18:53,036 basehttp 60181 123145541828608 "GET /api/v1/order/driver/status/ HTTP/1.1" 200 141
INFO 2025-08-09 23:19:04,095 basehttp 60181 123145541828608 "GET /api/v1/order/driver/status/ HTTP/1.1" 200 141
INFO 2025-08-09 23:19:07,234 basehttp 60181 123145541828608 "GET /api/v1/order/driver/status/ HTTP/1.1" 200 141
INFO 2025-08-09 23:19:14,155 basehttp 60181 123145541828608 "GET /api/v1/order/driver/status/ HTTP/1.1" 200 141
INFO 2025-08-09 23:19:18,668 basehttp 60181 123145541828608 "POST /api/v1/vehicles/create/ HTTP/1.1" 201 1075
INFO 2025-08-09 23:19:18,892 basehttp 60181 123145558618112 "POST /api/v1/documents/import/ HTTP/1.1" 201 539
INFO 2025-08-09 23:19:19,287 basehttp 60181 123145558618112 "GET /api/v1/vehicles/?driver_id=18 HTTP/1.1" 200 1938
INFO 2025-08-09 23:19:20,161 basehttp 60181 123145575407616 "GET /media/vehicles/18/temp/photo_exterieur_1_6PQtgD1.jpg HTTP/1.1" 200 15388
INFO 2025-08-09 23:19:35,099 basehttp 60181 123145508249600 "GET /admin/api/vehicle/ HTTP/1.1" 200 43292
INFO 2025-08-09 23:19:35,135 basehttp 60181 123145508249600 "GET /admin/jsi18n/ HTTP/1.1" 200 3342
INFO 2025-08-09 23:19:38,549 basehttp 60181 123145508249600 "GET /admin/api/vehicle/5/change/ HTTP/1.1" 200 54535
INFO 2025-08-09 23:19:38,574 basehttp 60181 123145508249600 "GET /admin/jsi18n/ HTTP/1.1" 200 3342
INFO 2025-08-09 23:19:43,605 basehttp 60181 123145508249600 "POST /admin/api/vehicle/5/change/ HTTP/1.1" 302 0
INFO 2025-08-09 23:19:43,633 basehttp 60181 123145508249600 "GET /admin/api/vehicle/ HTTP/1.1" 200 43910
INFO 2025-08-09 23:19:43,655 basehttp 60181 123145508249600 "GET /admin/jsi18n/ HTTP/1.1" 200 3342
INFO 2025-08-09 23:19:45,470 basehttp 60181 123145508249600 "GET /admin/api/vehicle/4/change/ HTTP/1.1" 200 54487
INFO 2025-08-09 23:19:45,489 basehttp 60181 123145508249600 "GET /admin/jsi18n/ HTTP/1.1" 200 3342
INFO 2025-08-09 23:19:49,753 basehttp 60181 123145508249600 "POST /admin/api/vehicle/4/change/ HTTP/1.1" 302 0
INFO 2025-08-09 23:19:49,787 basehttp 60181 123145508249600 "GET /admin/api/vehicle/ HTTP/1.1" 200 43916
INFO 2025-08-09 23:19:49,814 basehttp 60181 123145508249600 "GET /admin/jsi18n/ HTTP/1.1" 200 3342
INFO 2025-08-09 23:19:50,984 basehttp 60181 123145541828608 "GET /api/v1/vehicles/?driver_id=18 HTTP/1.1" 200 1936
INFO 2025-08-09 23:20:24,278 basehttp 60181 123145508249600 "GET /api/v1/vehicles/ HTTP/1.1" 200 1896
INFO 2025-08-09 23:20:36,696 basehttp 60181 123145508249600 "PATCH /api/v1/vehicles/5/toggle-online/ HTTP/1.1" 200 188
WARNING 2025-08-09 23:20:43,929 log 60181 123145508249600 Not Found: /api/v1/vehicles/6/toggle-online/
WARNING 2025-08-09 23:20:43,929 basehttp 60181 123145508249600 "PATCH /api/v1/vehicles/6/toggle-online/ HTTP/1.1" 404 48
WARNING 2025-08-09 23:20:53,703 log 60181 123145508249600 Bad Request: /api/v1/vehicles/4/toggle-online/
WARNING 2025-08-09 23:20:53,703 basehttp 60181 123145508249600 "PATCH /api/v1/vehicles/4/toggle-online/ HTTP/1.1" 400 151
INFO 2025-08-09 23:21:05,126 basehttp 60181 123145508249600 "GET /admin/api/vehicle/ HTTP/1.1" 200 43292
INFO 2025-08-09 23:21:05,147 basehttp 60181 123145508249600 "GET /admin/jsi18n/ HTTP/1.1" 200 3342
INFO 2025-08-09 23:22:03,111 autoreload 60181 140704327262976 /Users/boussastevejunior/Desktop/Dev/Personal/WOILA/BackendV2/woila_backend/api/admin.py changed, reloading.
INFO 2025-08-09 23:22:04,501 autoreload 62453 140704327262976 Watching for file changes with StatReloader
INFO 2025-08-09 23:22:09,298 autoreload 62453 140704327262976 /Users/boussastevejunior/Desktop/Dev/Personal/WOILA/BackendV2/woila_backend/api/admin.py changed, reloading.
INFO 2025-08-09 23:22:10,226 autoreload 62511 140704327262976 Watching for file changes with StatReloader
INFO 2025-08-09 23:22:18,997 autoreload 62511 140704327262976 /Users/boussastevejunior/Desktop/Dev/Personal/WOILA/BackendV2/woila_backend/api/admin.py changed, reloading.
INFO 2025-08-09 23:22:19,686 autoreload 62618 140704327262976 Watching for file changes with StatReloader
INFO 2025-08-09 23:22:31,575 autoreload 62618 140704327262976 /Users/boussastevejunior/Desktop/Dev/Personal/WOILA/BackendV2/woila_backend/api/admin.py changed, reloading.
INFO 2025-08-09 23:22:32,270 autoreload 62749 140704327262976 Watching for file changes with StatReloader
INFO 2025-08-09 23:22:49,317 autoreload 62749 140704327262976 /Users/boussastevejunior/Desktop/Dev/Personal/WOILA/BackendV2/woila_backend/api/admin.py changed, reloading.
INFO 2025-08-09 23:22:50,225 autoreload 62915 140704327262976 Watching for file changes with StatReloader
INFO 2025-08-09 23:23:04,438 autoreload 62915 140704327262976 /Users/boussastevejunior/Desktop/Dev/Personal/WOILA/BackendV2/woila_backend/api/admin.py changed, reloading.
INFO 2025-08-09 23:23:05,804 autoreload 63053 140704327262976 Watching for file changes with StatReloader
INFO 2025-08-09 23:23:16,917 autoreload 63053 140704327262976 /Users/boussastevejunior/Desktop/Dev/Personal/WOILA/BackendV2/woila_backend/api/admin.py changed, reloading.
INFO 2025-08-09 23:23:17,828 autoreload 63187 140704327262976 Watching for file changes with StatReloader
INFO 2025-08-09 23:23:33,978 basehttp 63187 123145517092864 "GET /admin/api/vehicle/ HTTP/1.1" 200 44602
INFO 2025-08-09 23:23:34,008 basehttp 63187 123145517092864 "GET /admin/jsi18n/ HTTP/1.1" 200 3342
INFO 2025-08-09 23:23:40,460 basehttp 63187 123145517092864 "GET /admin/api/vehicle/4/change/ HTTP/1.1" 200 55323
INFO 2025-08-09 23:23:40,485 basehttp 63187 123145517092864 "GET /admin/jsi18n/ HTTP/1.1" 200 3342
INFO 2025-08-09 23:23:45,504 basehttp 63187 123145517092864 "POST /admin/api/vehicle/4/change/ HTTP/1.1" 302 0
INFO 2025-08-09 23:23:45,533 basehttp 63187 123145517092864 "GET /admin/api/vehicle/ HTTP/1.1" 200 45245
INFO 2025-08-09 23:23:45,561 basehttp 63187 123145517092864 "GET /admin/jsi18n/ HTTP/1.1" 200 3342
INFO 2025-08-09 23:23:49,904 basehttp 63187 123145517092864 "GET /admin/api/vehicle/4/change/ HTTP/1.1" 200 55331
INFO 2025-08-09 23:23:49,929 basehttp 63187 123145517092864 "GET /admin/jsi18n/ HTTP/1.1" 200 3342
INFO 2025-08-09 23:24:15,807 basehttp 63187 123145517092864 "POST /admin/api/vehicle/4/change/ HTTP/1.1" 302 0
INFO 2025-08-09 23:24:15,836 basehttp 63187 123145517092864 "GET /admin/api/vehicle/ HTTP/1.1" 200 45226
INFO 2025-08-09 23:24:15,860 basehttp 63187 123145517092864 "GET /admin/jsi18n/ HTTP/1.1" 200 3342
INFO 2025-08-09 23:24:25,893 basehttp 63187 123145550671872 "GET /api/v1/vehicles/?driver_id=18 HTTP/1.1" 200 1936
INFO 2025-08-09 23:24:43,355 basehttp 63187 123145550671872 "GET /api/v1/vehicles/?driver_id=18 HTTP/1.1" 200 1936
